ERROR - 2023-07-23 12:03:54 --> Error connecting to the database: mysqli_sql_exception: Aucune connexion n’a pu être établie car l’ordinateur cible l’a expressément refusée.
 in C:\wamp64\www\pfa\site_jv\system\Database\MySQLi\Connection.php:174
Stack trace:
#0 C:\wamp64\www\pfa\site_jv\system\Database\MySQLi\Connection.php(174): mysqli->real_connect('localhost', 'root', '', 'site_jv', 3306, '', 0)
#1 C:\wamp64\www\pfa\site_jv\system\Database\BaseConnection.php(391): CodeIgniter\Database\MySQLi\Connection->connect(false)
#2 C:\wamp64\www\pfa\site_jv\system\Database\BaseConnection.php(574): CodeIgniter\Database\BaseConnection->initialize()
#3 C:\wamp64\www\pfa\site_jv\system\Database\BaseBuilder.php(1616): CodeIgniter\Database\BaseConnection->query('SELECT *\nFROM `...', Array, false)
#4 C:\wamp64\www\pfa\site_jv\app\Controllers\Jeu.php(75): CodeIgniter\Database\BaseBuilder->get()
#5 C:\wamp64\www\pfa\site_jv\app\Controllers\Jeu.php(49): App\Controllers\Jeu->selectionJeu()
#6 C:\wamp64\www\pfa\site_jv\system\CodeIgniter.php(932): App\Controllers\Jeu->listeJoueur()
#7 C:\wamp64\www\pfa\site_jv\system\CodeIgniter.php(497): CodeIgniter\CodeIgniter->runController(Object(App\Controllers\Jeu))
#8 C:\wamp64\www\pfa\site_jv\system\CodeIgniter.php(366): CodeIgniter\CodeIgniter->handleRequest(NULL, Object(Config\Cache), false)
#9 C:\wamp64\www\pfa\site_jv\public\index.php(67): CodeIgniter\CodeIgniter->run()
#10 C:\wamp64\www\pfa\site_jv\system\Commands\Server\rewrite.php(47): require_once('C:\\wamp64\\www\\p...')
#11 {main}

Next CodeIgniter\Database\Exceptions\DatabaseException: Aucune connexion n’a pu être établie car l’ordinateur cible l’a expressément refusée.
 in C:\wamp64\www\pfa\site_jv\system\Database\MySQLi\Connection.php:218
Stack trace:
#0 C:\wamp64\www\pfa\site_jv\system\Database\BaseConnection.php(391): CodeIgniter\Database\MySQLi\Connection->connect(false)
#1 C:\wamp64\www\pfa\site_jv\system\Database\BaseConnection.php(574): CodeIgniter\Database\BaseConnection->initialize()
#2 C:\wamp64\www\pfa\site_jv\system\Database\BaseBuilder.php(1616): CodeIgniter\Database\BaseConnection->query('SELECT *\nFROM `...', Array, false)
#3 C:\wamp64\www\pfa\site_jv\app\Controllers\Jeu.php(75): CodeIgniter\Database\BaseBuilder->get()
#4 C:\wamp64\www\pfa\site_jv\app\Controllers\Jeu.php(49): App\Controllers\Jeu->selectionJeu()
#5 C:\wamp64\www\pfa\site_jv\system\CodeIgniter.php(932): App\Controllers\Jeu->listeJoueur()
#6 C:\wamp64\www\pfa\site_jv\system\CodeIgniter.php(497): CodeIgniter\CodeIgniter->runController(Object(App\Controllers\Jeu))
#7 C:\wamp64\www\pfa\site_jv\system\CodeIgniter.php(366): CodeIgniter\CodeIgniter->handleRequest(NULL, Object(Config\Cache), false)
#8 C:\wamp64\www\pfa\site_jv\public\index.php(67): CodeIgniter\CodeIgniter->run()
#9 C:\wamp64\www\pfa\site_jv\system\Commands\Server\rewrite.php(47): require_once('C:\\wamp64\\www\\p...')
#10 {main}
CRITICAL - 2023-07-23 12:03:54 --> Unable to connect to the database.
Main connection [MySQLi]: Aucune connexion n’a pu être établie car l’ordinateur cible l’a expressément refusée.

in SYSTEMPATH\Database\BaseConnection.php on line 427.
 1 SYSTEMPATH\Database\BaseConnection.php(574): CodeIgniter\Database\BaseConnection->initialize()
 2 SYSTEMPATH\Database\BaseBuilder.php(1616): CodeIgniter\Database\BaseConnection->query('SELECT *
FROM `jeu`
JOIN `editeur` ON `jeu`.`id_editeur`=`editeur`.`id_editeur`
JOIN `developpeur` ON `jeu`.`id_developpeur`=`developpeur`.`id_developpeur`', [], false)
 3 APPPATH\Controllers\Jeu.php(75): CodeIgniter\Database\BaseBuilder->get()
 4 APPPATH\Controllers\Jeu.php(49): App\Controllers\Jeu->selectionJeu()
 5 SYSTEMPATH\CodeIgniter.php(932): App\Controllers\Jeu->listeJoueur()
 6 SYSTEMPATH\CodeIgniter.php(497): CodeIgniter\CodeIgniter->runController(Object(App\Controllers\Jeu))
 7 SYSTEMPATH\CodeIgniter.php(366): CodeIgniter\CodeIgniter->handleRequest(null, Object(Config\Cache), false)
 8 FCPATH\index.php(67): CodeIgniter\CodeIgniter->run()
 9 SYSTEMPATH\Commands\Server\rewrite.php(47): require_once('C:\\wamp64\\www\\pfa\\site_jv\\public\\index.php')
ERROR - 2023-07-23 12:03:59 --> Error connecting to the database: mysqli_sql_exception: Aucune connexion n’a pu être établie car l’ordinateur cible l’a expressément refusée.
 in C:\wamp64\www\pfa\site_jv\system\Database\MySQLi\Connection.php:174
Stack trace:
#0 C:\wamp64\www\pfa\site_jv\system\Database\MySQLi\Connection.php(174): mysqli->real_connect('localhost', 'root', '', 'site_jv', 3306, '', 0)
#1 C:\wamp64\www\pfa\site_jv\system\Database\BaseConnection.php(391): CodeIgniter\Database\MySQLi\Connection->connect(false)
#2 C:\wamp64\www\pfa\site_jv\system\Database\BaseConnection.php(574): CodeIgniter\Database\BaseConnection->initialize()
#3 C:\wamp64\www\pfa\site_jv\system\Database\BaseBuilder.php(1616): CodeIgniter\Database\BaseConnection->query('SELECT *\nFROM `...', Array, false)
#4 C:\wamp64\www\pfa\site_jv\app\Controllers\Jeu.php(75): CodeIgniter\Database\BaseBuilder->get()
#5 C:\wamp64\www\pfa\site_jv\app\Controllers\Jeu.php(49): App\Controllers\Jeu->selectionJeu()
#6 C:\wamp64\www\pfa\site_jv\system\CodeIgniter.php(932): App\Controllers\Jeu->listeJoueur()
#7 C:\wamp64\www\pfa\site_jv\system\CodeIgniter.php(497): CodeIgniter\CodeIgniter->runController(Object(App\Controllers\Jeu))
#8 C:\wamp64\www\pfa\site_jv\system\CodeIgniter.php(366): CodeIgniter\CodeIgniter->handleRequest(NULL, Object(Config\Cache), false)
#9 C:\wamp64\www\pfa\site_jv\public\index.php(67): CodeIgniter\CodeIgniter->run()
#10 C:\wamp64\www\pfa\site_jv\system\Commands\Server\rewrite.php(47): require_once('C:\\wamp64\\www\\p...')
#11 {main}

Next CodeIgniter\Database\Exceptions\DatabaseException: Aucune connexion n’a pu être établie car l’ordinateur cible l’a expressément refusée.
 in C:\wamp64\www\pfa\site_jv\system\Database\MySQLi\Connection.php:218
Stack trace:
#0 C:\wamp64\www\pfa\site_jv\system\Database\BaseConnection.php(391): CodeIgniter\Database\MySQLi\Connection->connect(false)
#1 C:\wamp64\www\pfa\site_jv\system\Database\BaseConnection.php(574): CodeIgniter\Database\BaseConnection->initialize()
#2 C:\wamp64\www\pfa\site_jv\system\Database\BaseBuilder.php(1616): CodeIgniter\Database\BaseConnection->query('SELECT *\nFROM `...', Array, false)
#3 C:\wamp64\www\pfa\site_jv\app\Controllers\Jeu.php(75): CodeIgniter\Database\BaseBuilder->get()
#4 C:\wamp64\www\pfa\site_jv\app\Controllers\Jeu.php(49): App\Controllers\Jeu->selectionJeu()
#5 C:\wamp64\www\pfa\site_jv\system\CodeIgniter.php(932): App\Controllers\Jeu->listeJoueur()
#6 C:\wamp64\www\pfa\site_jv\system\CodeIgniter.php(497): CodeIgniter\CodeIgniter->runController(Object(App\Controllers\Jeu))
#7 C:\wamp64\www\pfa\site_jv\system\CodeIgniter.php(366): CodeIgniter\CodeIgniter->handleRequest(NULL, Object(Config\Cache), false)
#8 C:\wamp64\www\pfa\site_jv\public\index.php(67): CodeIgniter\CodeIgniter->run()
#9 C:\wamp64\www\pfa\site_jv\system\Commands\Server\rewrite.php(47): require_once('C:\\wamp64\\www\\p...')
#10 {main}
CRITICAL - 2023-07-23 12:03:59 --> Unable to connect to the database.
Main connection [MySQLi]: Aucune connexion n’a pu être établie car l’ordinateur cible l’a expressément refusée.

in SYSTEMPATH\Database\BaseConnection.php on line 427.
 1 SYSTEMPATH\Database\BaseConnection.php(574): CodeIgniter\Database\BaseConnection->initialize()
 2 SYSTEMPATH\Database\BaseBuilder.php(1616): CodeIgniter\Database\BaseConnection->query('SELECT *
FROM `jeu`
JOIN `editeur` ON `jeu`.`id_editeur`=`editeur`.`id_editeur`
JOIN `developpeur` ON `jeu`.`id_developpeur`=`developpeur`.`id_developpeur`', [], false)
 3 APPPATH\Controllers\Jeu.php(75): CodeIgniter\Database\BaseBuilder->get()
 4 APPPATH\Controllers\Jeu.php(49): App\Controllers\Jeu->selectionJeu()
 5 SYSTEMPATH\CodeIgniter.php(932): App\Controllers\Jeu->listeJoueur()
 6 SYSTEMPATH\CodeIgniter.php(497): CodeIgniter\CodeIgniter->runController(Object(App\Controllers\Jeu))
 7 SYSTEMPATH\CodeIgniter.php(366): CodeIgniter\CodeIgniter->handleRequest(null, Object(Config\Cache), false)
 8 FCPATH\index.php(67): CodeIgniter\CodeIgniter->run()
 9 SYSTEMPATH\Commands\Server\rewrite.php(47): require_once('C:\\wamp64\\www\\pfa\\site_jv\\public\\index.php')
