CRITICAL - 2023-07-25 10:07:18 --> The route for "accueil" cannot be found.
in SYSTEMPATH\HTTP\RedirectResponse.php on line 60.
 1 SYSTEMPATH\HTTP\RedirectResponse.php(60): CodeIgniter\HTTP\Exceptions\HTTPException::forInvalidRedirectRoute('accueil')
 2 APPPATH\Controllers\Joueur.php(113): CodeIgniter\HTTP\RedirectResponse->route(false)
 3 SYSTEMPATH\CodeIgniter.php(932): App\Controllers\Joueur->deconnexion()
 4 SYSTEMPATH\CodeIgniter.php(497): CodeIgniter\CodeIgniter->runController(Object(App\Controllers\Joueur))
 5 SYSTEMPATH\CodeIgniter.php(366): CodeIgniter\CodeIgniter->handleRequest(null, Object(Config\Cache), false)
 6 FCPATH\index.php(67): CodeIgniter\CodeIgniter->run()
 7 SYSTEMPATH\Commands\Server\rewrite.php(47): require_once('C:\\wamp64\\www\\pfa\\site_jv\\public\\index.php')
CRITICAL - 2023-07-25 10:07:38 --> The route for "jeu/liste" cannot be found.
in SYSTEMPATH\HTTP\RedirectResponse.php on line 60.
 1 SYSTEMPATH\HTTP\RedirectResponse.php(60): CodeIgniter\HTTP\Exceptions\HTTPException::forInvalidRedirectRoute('jeu/liste')
 2 APPPATH\Controllers\Joueur.php(113): CodeIgniter\HTTP\RedirectResponse->route(false)
 3 SYSTEMPATH\CodeIgniter.php(932): App\Controllers\Joueur->deconnexion()
 4 SYSTEMPATH\CodeIgniter.php(497): CodeIgniter\CodeIgniter->runController(Object(App\Controllers\Joueur))
 5 SYSTEMPATH\CodeIgniter.php(366): CodeIgniter\CodeIgniter->handleRequest(null, Object(Config\Cache), false)
 6 FCPATH\index.php(67): CodeIgniter\CodeIgniter->run()
 7 SYSTEMPATH\Commands\Server\rewrite.php(47): require_once('C:\\wamp64\\www\\pfa\\site_jv\\public\\index.php')
CRITICAL - 2023-07-25 10:17:30 --> Undefined index: connectavisjv
in APPPATH\Controllers\Joueur.php on line 36.
 1 APPPATH\Controllers\Joueur.php(36): CodeIgniter\Debug\Exceptions->errorHandler(8, 'Undefined index: connectavisjv', 'C:\\wamp64\\www\\pfa\\site_jv\\app\\Controllers\\Joueur.php', 36, [...])
 2 SYSTEMPATH\CodeIgniter.php(932): App\Controllers\Joueur->connexion()
 3 SYSTEMPATH\CodeIgniter.php(497): CodeIgniter\CodeIgniter->runController(Object(App\Controllers\Joueur))
 4 SYSTEMPATH\CodeIgniter.php(366): CodeIgniter\CodeIgniter->handleRequest(null, Object(Config\Cache), false)
 5 FCPATH\index.php(67): CodeIgniter\CodeIgniter->run()
 6 SYSTEMPATH\Commands\Server\rewrite.php(47): require_once('C:\\wamp64\\www\\pfa\\site_jv\\public\\index.php')
INFO - 2023-07-25 10:18:30 --> Session: Class initialized using 'CodeIgniter\Session\Handlers\FileHandler' driver.
CRITICAL - 2023-07-25 10:18:30 --> session_start(): A session had already been started - ignoring
in APPPATH\Views\commun\header.php on line 17.
 1 [internal function]: CodeIgniter\Debug\Exceptions->errorHandler(8, 'session_start(): A session had already been started - ignoring', 'C:\\wamp64\\www\\pfa\\site_jv\\app\\Views\\commun\\header.php', 17, [...])
 2 APPPATH\Views\commun\header.php(17): session_start()
 3 SYSTEMPATH\View\View.php(224): include('C:\\wamp64\\www\\pfa\\site_jv\\app\\Views\\commun\\header.php')
 4 SYSTEMPATH\View\View.php(227): CodeIgniter\View\View->CodeIgniter\View\{closure}()
 5 SYSTEMPATH\Common.php(1180): CodeIgniter\View\View->render('commun/header', [], true)
 6 APPPATH\Controllers\Jeu.php(228): view('commun/header', [...])
 7 SYSTEMPATH\CodeIgniter.php(932): App\Controllers\Jeu->afficher('2')
 8 SYSTEMPATH\CodeIgniter.php(497): CodeIgniter\CodeIgniter->runController(Object(App\Controllers\Jeu))
 9 SYSTEMPATH\CodeIgniter.php(366): CodeIgniter\CodeIgniter->handleRequest(null, Object(Config\Cache), false)
10 FCPATH\index.php(67): CodeIgniter\CodeIgniter->run()
11 SYSTEMPATH\Commands\Server\rewrite.php(47): require_once('C:\\wamp64\\www\\pfa\\site_jv\\public\\index.php')
INFO - 2023-07-25 10:19:06 --> Session: Class initialized using 'CodeIgniter\Session\Handlers\FileHandler' driver.
CRITICAL - 2023-07-25 10:19:06 --> session_start(): A session had already been started - ignoring
in APPPATH\Views\commun\header.php on line 17.
 1 [internal function]: CodeIgniter\Debug\Exceptions->errorHandler(8, 'session_start(): A session had already been started - ignoring', 'C:\\wamp64\\www\\pfa\\site_jv\\app\\Views\\commun\\header.php', 17, [...])
 2 APPPATH\Views\commun\header.php(17): session_start()
 3 SYSTEMPATH\View\View.php(224): include('C:\\wamp64\\www\\pfa\\site_jv\\app\\Views\\commun\\header.php')
 4 SYSTEMPATH\View\View.php(227): CodeIgniter\View\View->CodeIgniter\View\{closure}()
 5 SYSTEMPATH\Common.php(1180): CodeIgniter\View\View->render('commun/header', [], true)
 6 APPPATH\Controllers\Jeu.php(228): view('commun/header', [...])
 7 SYSTEMPATH\CodeIgniter.php(932): App\Controllers\Jeu->afficher('3')
 8 SYSTEMPATH\CodeIgniter.php(497): CodeIgniter\CodeIgniter->runController(Object(App\Controllers\Jeu))
 9 SYSTEMPATH\CodeIgniter.php(366): CodeIgniter\CodeIgniter->handleRequest(null, Object(Config\Cache), false)
10 FCPATH\index.php(67): CodeIgniter\CodeIgniter->run()
11 SYSTEMPATH\Commands\Server\rewrite.php(47): require_once('C:\\wamp64\\www\\pfa\\site_jv\\public\\index.php')
INFO - 2023-07-25 10:20:15 --> Session: Class initialized using 'CodeIgniter\Session\Handlers\FileHandler' driver.
INFO - 2023-07-25 10:20:29 --> Session: Class initialized using 'CodeIgniter\Session\Handlers\FileHandler' driver.
INFO - 2023-07-25 10:21:06 --> Session: Class initialized using 'CodeIgniter\Session\Handlers\FileHandler' driver.
CRITICAL - 2023-07-25 10:21:06 --> session_start(): A session had already been started - ignoring
in APPPATH\Views\commun\header.php on line 17.
 1 [internal function]: CodeIgniter\Debug\Exceptions->errorHandler(8, 'session_start(): A session had already been started - ignoring', 'C:\\wamp64\\www\\pfa\\site_jv\\app\\Views\\commun\\header.php', 17, [...])
 2 APPPATH\Views\commun\header.php(17): session_start()
 3 SYSTEMPATH\View\View.php(224): include('C:\\wamp64\\www\\pfa\\site_jv\\app\\Views\\commun\\header.php')
 4 SYSTEMPATH\View\View.php(227): CodeIgniter\View\View->CodeIgniter\View\{closure}()
 5 SYSTEMPATH\Common.php(1180): CodeIgniter\View\View->render('commun/header', [], true)
 6 APPPATH\Controllers\Jeu.php(228): view('commun/header', [...])
 7 SYSTEMPATH\CodeIgniter.php(932): App\Controllers\Jeu->afficher('2')
 8 SYSTEMPATH\CodeIgniter.php(497): CodeIgniter\CodeIgniter->runController(Object(App\Controllers\Jeu))
 9 SYSTEMPATH\CodeIgniter.php(366): CodeIgniter\CodeIgniter->handleRequest(null, Object(Config\Cache), false)
10 FCPATH\index.php(67): CodeIgniter\CodeIgniter->run()
11 SYSTEMPATH\Commands\Server\rewrite.php(47): require_once('C:\\wamp64\\www\\pfa\\site_jv\\public\\index.php')
INFO - 2023-07-25 10:21:27 --> Session: Class initialized using 'CodeIgniter\Session\Handlers\FileHandler' driver.
INFO - 2023-07-25 10:21:28 --> Session: Class initialized using 'CodeIgniter\Session\Handlers\FileHandler' driver.
CRITICAL - 2023-07-25 10:21:40 --> syntax error, unexpected end of file
in APPPATH\Views\jeu\listeJoueur.php on line 36.
 1 SYSTEMPATH\View\View.php(227): CodeIgniter\View\View->CodeIgniter\View\{closure}()
 2 SYSTEMPATH\Common.php(1180): CodeIgniter\View\View->render('jeu/listeJoueur', [], true)
 3 APPPATH\Controllers\Jeu.php(103): view('jeu/listeJoueur', [...])
 4 SYSTEMPATH\CodeIgniter.php(932): App\Controllers\Jeu->listeJoueur()
 5 SYSTEMPATH\CodeIgniter.php(497): CodeIgniter\CodeIgniter->runController(Object(App\Controllers\Jeu))
 6 SYSTEMPATH\CodeIgniter.php(366): CodeIgniter\CodeIgniter->handleRequest(null, Object(Config\Cache), false)
 7 FCPATH\index.php(67): CodeIgniter\CodeIgniter->run()
 8 SYSTEMPATH\Commands\Server\rewrite.php(47): require_once('C:\\wamp64\\www\\pfa\\site_jv\\public\\index.php')
INFO - 2023-07-25 10:22:42 --> Session: Class initialized using 'CodeIgniter\Session\Handlers\FileHandler' driver.
CRITICAL - 2023-07-25 10:22:42 --> session_start(): A session had already been started - ignoring
in APPPATH\Views\commun\header.php on line 17.
 1 [internal function]: CodeIgniter\Debug\Exceptions->errorHandler(8, 'session_start(): A session had already been started - ignoring', 'C:\\wamp64\\www\\pfa\\site_jv\\app\\Views\\commun\\header.php', 17, [...])
 2 APPPATH\Views\commun\header.php(17): session_start()
 3 SYSTEMPATH\View\View.php(224): include('C:\\wamp64\\www\\pfa\\site_jv\\app\\Views\\commun\\header.php')
 4 SYSTEMPATH\View\View.php(227): CodeIgniter\View\View->CodeIgniter\View\{closure}()
 5 SYSTEMPATH\Common.php(1180): CodeIgniter\View\View->render('commun/header', [], true)
 6 APPPATH\Controllers\Jeu.php(228): view('commun/header', [...])
 7 SYSTEMPATH\CodeIgniter.php(932): App\Controllers\Jeu->afficher('1')
 8 SYSTEMPATH\CodeIgniter.php(497): CodeIgniter\CodeIgniter->runController(Object(App\Controllers\Jeu))
 9 SYSTEMPATH\CodeIgniter.php(366): CodeIgniter\CodeIgniter->handleRequest(null, Object(Config\Cache), false)
10 FCPATH\index.php(67): CodeIgniter\CodeIgniter->run()
11 SYSTEMPATH\Commands\Server\rewrite.php(47): require_once('C:\\wamp64\\www\\pfa\\site_jv\\public\\index.php')
INFO - 2023-07-25 10:22:57 --> Session: Class initialized using 'CodeIgniter\Session\Handlers\FileHandler' driver.
INFO - 2023-07-25 10:23:00 --> Session: Class initialized using 'CodeIgniter\Session\Handlers\FileHandler' driver.
INFO - 2023-07-25 10:24:32 --> Session: Class initialized using 'CodeIgniter\Session\Handlers\FileHandler' driver.
INFO - 2023-07-25 10:24:42 --> Session: Class initialized using 'CodeIgniter\Session\Handlers\FileHandler' driver.
CRITICAL - 2023-07-25 10:24:42 --> session_start(): A session had already been started - ignoring
in APPPATH\Views\commun\header.php on line 17.
 1 [internal function]: CodeIgniter\Debug\Exceptions->errorHandler(8, 'session_start(): A session had already been started - ignoring', 'C:\\wamp64\\www\\pfa\\site_jv\\app\\Views\\commun\\header.php', 17, [...])
 2 APPPATH\Views\commun\header.php(17): session_start()
 3 SYSTEMPATH\View\View.php(224): include('C:\\wamp64\\www\\pfa\\site_jv\\app\\Views\\commun\\header.php')
 4 SYSTEMPATH\View\View.php(227): CodeIgniter\View\View->CodeIgniter\View\{closure}()
 5 SYSTEMPATH\Common.php(1180): CodeIgniter\View\View->render('commun/header', [], true)
 6 APPPATH\Controllers\Jeu.php(228): view('commun/header', [...])
 7 SYSTEMPATH\CodeIgniter.php(932): App\Controllers\Jeu->afficher('2')
 8 SYSTEMPATH\CodeIgniter.php(497): CodeIgniter\CodeIgniter->runController(Object(App\Controllers\Jeu))
 9 SYSTEMPATH\CodeIgniter.php(366): CodeIgniter\CodeIgniter->handleRequest(null, Object(Config\Cache), false)
10 FCPATH\index.php(67): CodeIgniter\CodeIgniter->run()
11 SYSTEMPATH\Commands\Server\rewrite.php(47): require_once('C:\\wamp64\\www\\pfa\\site_jv\\public\\index.php')
INFO - 2023-07-25 10:25:58 --> Session: Class initialized using 'CodeIgniter\Session\Handlers\FileHandler' driver.
CRITICAL - 2023-07-25 10:25:58 --> session_start(): A session had already been started - ignoring
in APPPATH\Views\commun\header.php on line 17.
 1 [internal function]: CodeIgniter\Debug\Exceptions->errorHandler(8, 'session_start(): A session had already been started - ignoring', 'C:\\wamp64\\www\\pfa\\site_jv\\app\\Views\\commun\\header.php', 17, [...])
 2 APPPATH\Views\commun\header.php(17): session_start()
 3 SYSTEMPATH\View\View.php(224): include('C:\\wamp64\\www\\pfa\\site_jv\\app\\Views\\commun\\header.php')
 4 SYSTEMPATH\View\View.php(227): CodeIgniter\View\View->CodeIgniter\View\{closure}()
 5 SYSTEMPATH\Common.php(1180): CodeIgniter\View\View->render('commun/header', [], true)
 6 APPPATH\Controllers\Jeu.php(228): view('commun/header', [...])
 7 SYSTEMPATH\CodeIgniter.php(932): App\Controllers\Jeu->afficher('2')
 8 SYSTEMPATH\CodeIgniter.php(497): CodeIgniter\CodeIgniter->runController(Object(App\Controllers\Jeu))
 9 SYSTEMPATH\CodeIgniter.php(366): CodeIgniter\CodeIgniter->handleRequest(null, Object(Config\Cache), false)
10 FCPATH\index.php(67): CodeIgniter\CodeIgniter->run()
11 SYSTEMPATH\Commands\Server\rewrite.php(47): require_once('C:\\wamp64\\www\\pfa\\site_jv\\public\\index.php')
INFO - 2023-07-25 10:25:59 --> Session: Class initialized using 'CodeIgniter\Session\Handlers\FileHandler' driver.
CRITICAL - 2023-07-25 10:25:59 --> session_start(): A session had already been started - ignoring
in APPPATH\Views\commun\header.php on line 17.
 1 [internal function]: CodeIgniter\Debug\Exceptions->errorHandler(8, 'session_start(): A session had already been started - ignoring', 'C:\\wamp64\\www\\pfa\\site_jv\\app\\Views\\commun\\header.php', 17, [...])
 2 APPPATH\Views\commun\header.php(17): session_start()
 3 SYSTEMPATH\View\View.php(224): include('C:\\wamp64\\www\\pfa\\site_jv\\app\\Views\\commun\\header.php')
 4 SYSTEMPATH\View\View.php(227): CodeIgniter\View\View->CodeIgniter\View\{closure}()
 5 SYSTEMPATH\Common.php(1180): CodeIgniter\View\View->render('commun/header', [], true)
 6 APPPATH\Controllers\Jeu.php(228): view('commun/header', [...])
 7 SYSTEMPATH\CodeIgniter.php(932): App\Controllers\Jeu->afficher('2')
 8 SYSTEMPATH\CodeIgniter.php(497): CodeIgniter\CodeIgniter->runController(Object(App\Controllers\Jeu))
 9 SYSTEMPATH\CodeIgniter.php(366): CodeIgniter\CodeIgniter->handleRequest(null, Object(Config\Cache), false)
10 FCPATH\index.php(67): CodeIgniter\CodeIgniter->run()
11 SYSTEMPATH\Commands\Server\rewrite.php(47): require_once('C:\\wamp64\\www\\pfa\\site_jv\\public\\index.php')
CRITICAL - 2023-07-25 10:26:01 --> session_destroy(): Trying to destroy uninitialized session
in APPPATH\Controllers\Joueur.php on line 107.
 1 [internal function]: CodeIgniter\Debug\Exceptions->errorHandler(2, 'session_destroy(): Trying to destroy uninitialized session', 'C:\\wamp64\\www\\pfa\\site_jv\\app\\Controllers\\Joueur.php', 107, [])
 2 APPPATH\Controllers\Joueur.php(107): session_destroy()
 3 SYSTEMPATH\CodeIgniter.php(932): App\Controllers\Joueur->deconnexion()
 4 SYSTEMPATH\CodeIgniter.php(497): CodeIgniter\CodeIgniter->runController(Object(App\Controllers\Joueur))
 5 SYSTEMPATH\CodeIgniter.php(366): CodeIgniter\CodeIgniter->handleRequest(null, Object(Config\Cache), false)
 6 FCPATH\index.php(67): CodeIgniter\CodeIgniter->run()
 7 SYSTEMPATH\Commands\Server\rewrite.php(47): require_once('C:\\wamp64\\www\\pfa\\site_jv\\public\\index.php')
CRITICAL - 2023-07-25 10:26:07 --> session_destroy(): Trying to destroy uninitialized session
in APPPATH\Controllers\Joueur.php on line 108.
 1 [internal function]: CodeIgniter\Debug\Exceptions->errorHandler(2, 'session_destroy(): Trying to destroy uninitialized session', 'C:\\wamp64\\www\\pfa\\site_jv\\app\\Controllers\\Joueur.php', 108, [])
 2 APPPATH\Controllers\Joueur.php(108): session_destroy()
 3 SYSTEMPATH\CodeIgniter.php(932): App\Controllers\Joueur->deconnexion()
 4 SYSTEMPATH\CodeIgniter.php(497): CodeIgniter\CodeIgniter->runController(Object(App\Controllers\Joueur))
 5 SYSTEMPATH\CodeIgniter.php(366): CodeIgniter\CodeIgniter->handleRequest(null, Object(Config\Cache), false)
 6 FCPATH\index.php(67): CodeIgniter\CodeIgniter->run()
 7 SYSTEMPATH\Commands\Server\rewrite.php(47): require_once('C:\\wamp64\\www\\pfa\\site_jv\\public\\index.php')
CRITICAL - 2023-07-25 10:26:08 --> session_destroy(): Trying to destroy uninitialized session
in APPPATH\Controllers\Joueur.php on line 108.
 1 [internal function]: CodeIgniter\Debug\Exceptions->errorHandler(2, 'session_destroy(): Trying to destroy uninitialized session', 'C:\\wamp64\\www\\pfa\\site_jv\\app\\Controllers\\Joueur.php', 108, [])
 2 APPPATH\Controllers\Joueur.php(108): session_destroy()
 3 SYSTEMPATH\CodeIgniter.php(932): App\Controllers\Joueur->deconnexion()
 4 SYSTEMPATH\CodeIgniter.php(497): CodeIgniter\CodeIgniter->runController(Object(App\Controllers\Joueur))
 5 SYSTEMPATH\CodeIgniter.php(366): CodeIgniter\CodeIgniter->handleRequest(null, Object(Config\Cache), false)
 6 FCPATH\index.php(67): CodeIgniter\CodeIgniter->run()
 7 SYSTEMPATH\Commands\Server\rewrite.php(47): require_once('C:\\wamp64\\www\\pfa\\site_jv\\public\\index.php')
INFO - 2023-07-25 10:26:53 --> Session: Class initialized using 'CodeIgniter\Session\Handlers\FileHandler' driver.
INFO - 2023-07-25 10:28:13 --> Session: Class initialized using 'CodeIgniter\Session\Handlers\FileHandler' driver.
CRITICAL - 2023-07-25 10:28:13 --> session_start(): A session had already been started - ignoring
in APPPATH\Views\commun\header.php on line 20.
 1 [internal function]: CodeIgniter\Debug\Exceptions->errorHandler(8, 'session_start(): A session had already been started - ignoring', 'C:\\wamp64\\www\\pfa\\site_jv\\app\\Views\\commun\\header.php', 20, [...])
 2 APPPATH\Views\commun\header.php(20): session_start()
 3 SYSTEMPATH\View\View.php(224): include('C:\\wamp64\\www\\pfa\\site_jv\\app\\Views\\commun\\header.php')
 4 SYSTEMPATH\View\View.php(227): CodeIgniter\View\View->CodeIgniter\View\{closure}()
 5 SYSTEMPATH\Common.php(1180): CodeIgniter\View\View->render('commun/header', [], true)
 6 APPPATH\Controllers\Jeu.php(228): view('commun/header', [...])
 7 SYSTEMPATH\CodeIgniter.php(932): App\Controllers\Jeu->afficher('1')
 8 SYSTEMPATH\CodeIgniter.php(497): CodeIgniter\CodeIgniter->runController(Object(App\Controllers\Jeu))
 9 SYSTEMPATH\CodeIgniter.php(366): CodeIgniter\CodeIgniter->handleRequest(null, Object(Config\Cache), false)
10 FCPATH\index.php(67): CodeIgniter\CodeIgniter->run()
11 SYSTEMPATH\Commands\Server\rewrite.php(47): require_once('C:\\wamp64\\www\\pfa\\site_jv\\public\\index.php')
CRITICAL - 2023-07-25 10:31:39 --> session_destroy(): Trying to destroy uninitialized session
in APPPATH\Controllers\Joueur.php on line 112.
 1 [internal function]: CodeIgniter\Debug\Exceptions->errorHandler(2, 'session_destroy(): Trying to destroy uninitialized session', 'C:\\wamp64\\www\\pfa\\site_jv\\app\\Controllers\\Joueur.php', 112, [])
 2 APPPATH\Controllers\Joueur.php(112): session_destroy()
 3 SYSTEMPATH\CodeIgniter.php(932): App\Controllers\Joueur->deconnexion()
 4 SYSTEMPATH\CodeIgniter.php(497): CodeIgniter\CodeIgniter->runController(Object(App\Controllers\Joueur))
 5 SYSTEMPATH\CodeIgniter.php(366): CodeIgniter\CodeIgniter->handleRequest(null, Object(Config\Cache), false)
 6 FCPATH\index.php(67): CodeIgniter\CodeIgniter->run()
 7 SYSTEMPATH\Commands\Server\rewrite.php(47): require_once('C:\\wamp64\\www\\pfa\\site_jv\\public\\index.php')
INFO - 2023-07-25 10:32:14 --> Session: Class initialized using 'CodeIgniter\Session\Handlers\FileHandler' driver.
CRITICAL - 2023-07-25 10:32:14 --> session_start(): A session had already been started - ignoring
in APPPATH\Views\commun\header.php on line 19.
 1 [internal function]: CodeIgniter\Debug\Exceptions->errorHandler(8, 'session_start(): A session had already been started - ignoring', 'C:\\wamp64\\www\\pfa\\site_jv\\app\\Views\\commun\\header.php', 19, [...])
 2 APPPATH\Views\commun\header.php(19): session_start()
 3 SYSTEMPATH\View\View.php(224): include('C:\\wamp64\\www\\pfa\\site_jv\\app\\Views\\commun\\header.php')
 4 SYSTEMPATH\View\View.php(227): CodeIgniter\View\View->CodeIgniter\View\{closure}()
 5 SYSTEMPATH\Common.php(1180): CodeIgniter\View\View->render('commun/header', [], true)
 6 APPPATH\Controllers\Jeu.php(228): view('commun/header', [...])
 7 SYSTEMPATH\CodeIgniter.php(932): App\Controllers\Jeu->afficher('2')
 8 SYSTEMPATH\CodeIgniter.php(497): CodeIgniter\CodeIgniter->runController(Object(App\Controllers\Jeu))
 9 SYSTEMPATH\CodeIgniter.php(366): CodeIgniter\CodeIgniter->handleRequest(null, Object(Config\Cache), false)
10 FCPATH\index.php(67): CodeIgniter\CodeIgniter->run()
11 SYSTEMPATH\Commands\Server\rewrite.php(47): require_once('C:\\wamp64\\www\\pfa\\site_jv\\public\\index.php')
INFO - 2023-07-25 10:32:40 --> Session: Class initialized using 'CodeIgniter\Session\Handlers\FileHandler' driver.
INFO - 2023-07-25 10:34:26 --> Session: Class initialized using 'CodeIgniter\Session\Handlers\FileHandler' driver.
CRITICAL - 2023-07-25 10:34:26 --> session_start(): A session had already been started - ignoring
in APPPATH\Views\jeu\avisJoueur.php on line 2.
 1 [internal function]: CodeIgniter\Debug\Exceptions->errorHandler(8, 'session_start(): A session had already been started - ignoring', 'C:\\wamp64\\www\\pfa\\site_jv\\app\\Views\\jeu\\avisJoueur.php', 2, [...])
 2 APPPATH\Views\jeu\avisJoueur.php(2): session_start()
 3 SYSTEMPATH\View\View.php(224): include('C:\\wamp64\\www\\pfa\\site_jv\\app\\Views\\jeu\\avisJoueur.php')
 4 SYSTEMPATH\View\View.php(227): CodeIgniter\View\View->CodeIgniter\View\{closure}()
 5 SYSTEMPATH\Common.php(1180): CodeIgniter\View\View->render('jeu/avisjoueur', [], true)
 6 APPPATH\Controllers\Jeu.php(228): view('jeu/avisjoueur', [...])
 7 SYSTEMPATH\CodeIgniter.php(932): App\Controllers\Jeu->afficher('2')
 8 SYSTEMPATH\CodeIgniter.php(497): CodeIgniter\CodeIgniter->runController(Object(App\Controllers\Jeu))
 9 SYSTEMPATH\CodeIgniter.php(366): CodeIgniter\CodeIgniter->handleRequest(null, Object(Config\Cache), false)
10 FCPATH\index.php(67): CodeIgniter\CodeIgniter->run()
11 SYSTEMPATH\Commands\Server\rewrite.php(47): require_once('C:\\wamp64\\www\\pfa\\site_jv\\public\\index.php')
INFO - 2023-07-25 10:34:27 --> Session: Class initialized using 'CodeIgniter\Session\Handlers\FileHandler' driver.
CRITICAL - 2023-07-25 10:34:27 --> session_start(): A session had already been started - ignoring
in APPPATH\Views\jeu\avisJoueur.php on line 2.
 1 [internal function]: CodeIgniter\Debug\Exceptions->errorHandler(8, 'session_start(): A session had already been started - ignoring', 'C:\\wamp64\\www\\pfa\\site_jv\\app\\Views\\jeu\\avisJoueur.php', 2, [...])
 2 APPPATH\Views\jeu\avisJoueur.php(2): session_start()
 3 SYSTEMPATH\View\View.php(224): include('C:\\wamp64\\www\\pfa\\site_jv\\app\\Views\\jeu\\avisJoueur.php')
 4 SYSTEMPATH\View\View.php(227): CodeIgniter\View\View->CodeIgniter\View\{closure}()
 5 SYSTEMPATH\Common.php(1180): CodeIgniter\View\View->render('jeu/avisjoueur', [], true)
 6 APPPATH\Controllers\Jeu.php(228): view('jeu/avisjoueur', [...])
 7 SYSTEMPATH\CodeIgniter.php(932): App\Controllers\Jeu->afficher('2')
 8 SYSTEMPATH\CodeIgniter.php(497): CodeIgniter\CodeIgniter->runController(Object(App\Controllers\Jeu))
 9 SYSTEMPATH\CodeIgniter.php(366): CodeIgniter\CodeIgniter->handleRequest(null, Object(Config\Cache), false)
10 FCPATH\index.php(67): CodeIgniter\CodeIgniter->run()
11 SYSTEMPATH\Commands\Server\rewrite.php(47): require_once('C:\\wamp64\\www\\pfa\\site_jv\\public\\index.php')
INFO - 2023-07-25 10:34:29 --> Session: Class initialized using 'CodeIgniter\Session\Handlers\FileHandler' driver.
CRITICAL - 2023-07-25 10:34:29 --> session_start(): A session had already been started - ignoring
in APPPATH\Views\jeu\avisJoueur.php on line 2.
 1 [internal function]: CodeIgniter\Debug\Exceptions->errorHandler(8, 'session_start(): A session had already been started - ignoring', 'C:\\wamp64\\www\\pfa\\site_jv\\app\\Views\\jeu\\avisJoueur.php', 2, [...])
 2 APPPATH\Views\jeu\avisJoueur.php(2): session_start()
 3 SYSTEMPATH\View\View.php(224): include('C:\\wamp64\\www\\pfa\\site_jv\\app\\Views\\jeu\\avisJoueur.php')
 4 SYSTEMPATH\View\View.php(227): CodeIgniter\View\View->CodeIgniter\View\{closure}()
 5 SYSTEMPATH\Common.php(1180): CodeIgniter\View\View->render('jeu/avisjoueur', [], true)
 6 APPPATH\Controllers\Jeu.php(228): view('jeu/avisjoueur', [...])
 7 SYSTEMPATH\CodeIgniter.php(932): App\Controllers\Jeu->afficher('2')
 8 SYSTEMPATH\CodeIgniter.php(497): CodeIgniter\CodeIgniter->runController(Object(App\Controllers\Jeu))
 9 SYSTEMPATH\CodeIgniter.php(366): CodeIgniter\CodeIgniter->handleRequest(null, Object(Config\Cache), false)
10 FCPATH\index.php(67): CodeIgniter\CodeIgniter->run()
11 SYSTEMPATH\Commands\Server\rewrite.php(47): require_once('C:\\wamp64\\www\\pfa\\site_jv\\public\\index.php')
INFO - 2023-07-25 10:40:28 --> Session: Class initialized using 'CodeIgniter\Session\Handlers\FileHandler' driver.
CRITICAL - 2023-07-25 10:40:28 --> session_start(): A session had already been started - ignoring
in APPPATH\Views\commun\header.php on line 19.
 1 [internal function]: CodeIgniter\Debug\Exceptions->errorHandler(8, 'session_start(): A session had already been started - ignoring', 'C:\\wamp64\\www\\pfa\\site_jv\\app\\Views\\commun\\header.php', 19, [...])
 2 APPPATH\Views\commun\header.php(19): session_start()
 3 SYSTEMPATH\View\View.php(224): include('C:\\wamp64\\www\\pfa\\site_jv\\app\\Views\\commun\\header.php')
 4 SYSTEMPATH\View\View.php(227): CodeIgniter\View\View->CodeIgniter\View\{closure}()
 5 SYSTEMPATH\Common.php(1180): CodeIgniter\View\View->render('commun/header', [], true)
 6 APPPATH\Controllers\Jeu.php(228): view('commun/header', [...])
 7 SYSTEMPATH\CodeIgniter.php(932): App\Controllers\Jeu->afficher('2')
 8 SYSTEMPATH\CodeIgniter.php(497): CodeIgniter\CodeIgniter->runController(Object(App\Controllers\Jeu))
 9 SYSTEMPATH\CodeIgniter.php(366): CodeIgniter\CodeIgniter->handleRequest(null, Object(Config\Cache), false)
10 FCPATH\index.php(67): CodeIgniter\CodeIgniter->run()
11 SYSTEMPATH\Commands\Server\rewrite.php(47): require_once('C:\\wamp64\\www\\pfa\\site_jv\\public\\index.php')
INFO - 2023-07-25 10:40:59 --> Session: Class initialized using 'CodeIgniter\Session\Handlers\FileHandler' driver.
CRITICAL - 2023-07-25 10:40:59 --> session_start(): A session had already been started - ignoring
in APPPATH\Views\commun\header.php on line 19.
 1 [internal function]: CodeIgniter\Debug\Exceptions->errorHandler(8, 'session_start(): A session had already been started - ignoring', 'C:\\wamp64\\www\\pfa\\site_jv\\app\\Views\\commun\\header.php', 19, [...])
 2 APPPATH\Views\commun\header.php(19): session_start()
 3 SYSTEMPATH\View\View.php(224): include('C:\\wamp64\\www\\pfa\\site_jv\\app\\Views\\commun\\header.php')
 4 SYSTEMPATH\View\View.php(227): CodeIgniter\View\View->CodeIgniter\View\{closure}()
 5 SYSTEMPATH\Common.php(1180): CodeIgniter\View\View->render('commun/header', [], true)
 6 APPPATH\Controllers\Jeu.php(228): view('commun/header', [...])
 7 SYSTEMPATH\CodeIgniter.php(932): App\Controllers\Jeu->afficher('1')
 8 SYSTEMPATH\CodeIgniter.php(497): CodeIgniter\CodeIgniter->runController(Object(App\Controllers\Jeu))
 9 SYSTEMPATH\CodeIgniter.php(366): CodeIgniter\CodeIgniter->handleRequest(null, Object(Config\Cache), false)
10 FCPATH\index.php(67): CodeIgniter\CodeIgniter->run()
11 SYSTEMPATH\Commands\Server\rewrite.php(47): require_once('C:\\wamp64\\www\\pfa\\site_jv\\public\\index.php')
INFO - 2023-07-25 10:41:26 --> Session: Class initialized using 'CodeIgniter\Session\Handlers\FileHandler' driver.
CRITICAL - 2023-07-25 10:41:26 --> session_start(): A session had already been started - ignoring
in APPPATH\Views\commun\header.php on line 19.
 1 [internal function]: CodeIgniter\Debug\Exceptions->errorHandler(8, 'session_start(): A session had already been started - ignoring', 'C:\\wamp64\\www\\pfa\\site_jv\\app\\Views\\commun\\header.php', 19, [...])
 2 APPPATH\Views\commun\header.php(19): session_start()
 3 SYSTEMPATH\View\View.php(224): include('C:\\wamp64\\www\\pfa\\site_jv\\app\\Views\\commun\\header.php')
 4 SYSTEMPATH\View\View.php(227): CodeIgniter\View\View->CodeIgniter\View\{closure}()
 5 SYSTEMPATH\Common.php(1180): CodeIgniter\View\View->render('commun/header', [], true)
 6 APPPATH\Controllers\Jeu.php(228): view('commun/header', [...])
 7 SYSTEMPATH\CodeIgniter.php(932): App\Controllers\Jeu->afficher('1')
 8 SYSTEMPATH\CodeIgniter.php(497): CodeIgniter\CodeIgniter->runController(Object(App\Controllers\Jeu))
 9 SYSTEMPATH\CodeIgniter.php(366): CodeIgniter\CodeIgniter->handleRequest(null, Object(Config\Cache), false)
10 FCPATH\index.php(67): CodeIgniter\CodeIgniter->run()
11 SYSTEMPATH\Commands\Server\rewrite.php(47): require_once('C:\\wamp64\\www\\pfa\\site_jv\\public\\index.php')
INFO - 2023-07-25 10:41:57 --> Session: Class initialized using 'CodeIgniter\Session\Handlers\FileHandler' driver.
INFO - 2023-07-25 10:47:20 --> Session: Class initialized using 'CodeIgniter\Session\Handlers\FileHandler' driver.
CRITICAL - 2023-07-25 10:47:20 --> session_start(): A session had already been started - ignoring
in APPPATH\Views\commun\header.php on line 19.
 1 [internal function]: CodeIgniter\Debug\Exceptions->errorHandler(8, 'session_start(): A session had already been started - ignoring', 'C:\\wamp64\\www\\pfa\\site_jv\\app\\Views\\commun\\header.php', 19, [...])
 2 APPPATH\Views\commun\header.php(19): session_start()
 3 SYSTEMPATH\View\View.php(224): include('C:\\wamp64\\www\\pfa\\site_jv\\app\\Views\\commun\\header.php')
 4 SYSTEMPATH\View\View.php(227): CodeIgniter\View\View->CodeIgniter\View\{closure}()
 5 SYSTEMPATH\Common.php(1180): CodeIgniter\View\View->render('commun/header', [], true)
 6 APPPATH\Controllers\Jeu.php(228): view('commun/header', [...])
 7 SYSTEMPATH\CodeIgniter.php(932): App\Controllers\Jeu->afficher('3')
 8 SYSTEMPATH\CodeIgniter.php(497): CodeIgniter\CodeIgniter->runController(Object(App\Controllers\Jeu))
 9 SYSTEMPATH\CodeIgniter.php(366): CodeIgniter\CodeIgniter->handleRequest(null, Object(Config\Cache), false)
10 FCPATH\index.php(67): CodeIgniter\CodeIgniter->run()
11 SYSTEMPATH\Commands\Server\rewrite.php(47): require_once('C:\\wamp64\\www\\pfa\\site_jv\\public\\index.php')
INFO - 2023-07-25 11:02:30 --> Session: Class initialized using 'CodeIgniter\Session\Handlers\FileHandler' driver.
INFO - 2023-07-25 11:06:38 --> Session: Class initialized using 'CodeIgniter\Session\Handlers\FileHandler' driver.
INFO - 2023-07-25 11:06:45 --> Session: Class initialized using 'CodeIgniter\Session\Handlers\FileHandler' driver.
