CRITICAL - 2023-07-22 10:28:26 --> The route for "editerJeu" cannot be found.
in SYSTEMPATH\Helpers\url_helper.php on line 599.
 1 SYSTEMPATH\Helpers\url_helper.php(599): CodeIgniter\Router\Exceptions\RouterException::forInvalidRoute('editerJeu')
 2 APPPATH\Views\jeu\listeAdmin.php(36): url_to('editerJeu', '23')
 3 SYSTEMPATH\View\View.php(224): include('C:\\wamp64\\www\\pfa\\site_jv\\app\\Views\\jeu\\listeAdmin.php')
 4 SYSTEMPATH\View\View.php(227): CodeIgniter\View\View->CodeIgniter\View\{closure}()
 5 SYSTEMPATH\Common.php(1180): CodeIgniter\View\View->render('jeu/listeAdmin', [], true)
 6 APPPATH\Controllers\Jeu.php(15): view('jeu/listeAdmin', [...])
 7 SYSTEMPATH\CodeIgniter.php(932): App\Controllers\Jeu->listeAdmin()
 8 SYSTEMPATH\CodeIgniter.php(497): CodeIgniter\CodeIgniter->runController(Object(App\Controllers\Jeu))
 9 SYSTEMPATH\CodeIgniter.php(366): CodeIgniter\CodeIgniter->handleRequest(null, Object(Config\Cache), false)
10 FCPATH\index.php(67): CodeIgniter\CodeIgniter->run()
11 SYSTEMPATH\Commands\Server\rewrite.php(47): require_once('C:\\wamp64\\www\\pfa\\site_jv\\public\\index.php')
CRITICAL - 2023-07-22 10:30:38 --> The route for "editerJeu" cannot be found.
in SYSTEMPATH\Helpers\url_helper.php on line 599.
 1 SYSTEMPATH\Helpers\url_helper.php(599): CodeIgniter\Router\Exceptions\RouterException::forInvalidRoute('editerJeu')
 2 APPPATH\Views\jeu\listeAdmin.php(36): url_to('editerJeu', '23')
 3 SYSTEMPATH\View\View.php(224): include('C:\\wamp64\\www\\pfa\\site_jv\\app\\Views\\jeu\\listeAdmin.php')
 4 SYSTEMPATH\View\View.php(227): CodeIgniter\View\View->CodeIgniter\View\{closure}()
 5 SYSTEMPATH\Common.php(1180): CodeIgniter\View\View->render('jeu/listeAdmin', [], true)
 6 APPPATH\Controllers\Jeu.php(15): view('jeu/listeAdmin', [...])
 7 SYSTEMPATH\CodeIgniter.php(932): App\Controllers\Jeu->listeAdmin()
 8 SYSTEMPATH\CodeIgniter.php(497): CodeIgniter\CodeIgniter->runController(Object(App\Controllers\Jeu))
 9 SYSTEMPATH\CodeIgniter.php(366): CodeIgniter\CodeIgniter->handleRequest(null, Object(Config\Cache), false)
10 FCPATH\index.php(67): CodeIgniter\CodeIgniter->run()
11 SYSTEMPATH\Commands\Server\rewrite.php(47): require_once('C:\\wamp64\\www\\pfa\\site_jv\\public\\index.php')
CRITICAL - 2023-07-22 10:50:16 --> Undefined variable: jeu
in APPPATH\Views\jeu\editerJeu.php on line 3.
 1 APPPATH\Views\jeu\editerJeu.php(3): CodeIgniter\Debug\Exceptions->errorHandler(8, 'Undefined variable: jeu', 'C:\\wamp64\\www\\pfa\\site_jv\\app\\Views\\jeu\\editerJeu.php', 3, [...])
 2 SYSTEMPATH\View\View.php(224): include('C:\\wamp64\\www\\pfa\\site_jv\\app\\Views\\jeu\\editerJeu.php')
 3 SYSTEMPATH\View\View.php(227): CodeIgniter\View\View->CodeIgniter\View\{closure}()
 4 SYSTEMPATH\Common.php(1180): CodeIgniter\View\View->render('jeu/editerJeu', [], true)
 5 APPPATH\Controllers\Jeu.php(89): view('jeu/editerJeu')
 6 SYSTEMPATH\CodeIgniter.php(932): App\Controllers\Jeu->editer('50')
 7 SYSTEMPATH\CodeIgniter.php(497): CodeIgniter\CodeIgniter->runController(Object(App\Controllers\Jeu))
 8 SYSTEMPATH\CodeIgniter.php(366): CodeIgniter\CodeIgniter->handleRequest(null, Object(Config\Cache), false)
 9 FCPATH\index.php(67): CodeIgniter\CodeIgniter->run()
10 SYSTEMPATH\Commands\Server\rewrite.php(47): require_once('C:\\wamp64\\www\\pfa\\site_jv\\public\\index.php')
CRITICAL - 2023-07-22 10:50:39 --> Undefined variable: jeu
in APPPATH\Views\jeu\editerJeu.php on line 3.
 1 APPPATH\Views\jeu\editerJeu.php(3): CodeIgniter\Debug\Exceptions->errorHandler(8, 'Undefined variable: jeu', 'C:\\wamp64\\www\\pfa\\site_jv\\app\\Views\\jeu\\editerJeu.php', 3, [...])
 2 SYSTEMPATH\View\View.php(224): include('C:\\wamp64\\www\\pfa\\site_jv\\app\\Views\\jeu\\editerJeu.php')
 3 SYSTEMPATH\View\View.php(227): CodeIgniter\View\View->CodeIgniter\View\{closure}()
 4 SYSTEMPATH\Common.php(1180): CodeIgniter\View\View->render('jeu/editerJeu', [], true)
 5 APPPATH\Controllers\Jeu.php(89): view('jeu/editerJeu')
 6 SYSTEMPATH\CodeIgniter.php(932): App\Controllers\Jeu->editer('50')
 7 SYSTEMPATH\CodeIgniter.php(497): CodeIgniter\CodeIgniter->runController(Object(App\Controllers\Jeu))
 8 SYSTEMPATH\CodeIgniter.php(366): CodeIgniter\CodeIgniter->handleRequest(null, Object(Config\Cache), false)
 9 FCPATH\index.php(67): CodeIgniter\CodeIgniter->run()
10 SYSTEMPATH\Commands\Server\rewrite.php(47): require_once('C:\\wamp64\\www\\pfa\\site_jv\\public\\index.php')
CRITICAL - 2023-07-22 10:51:02 --> Undefined index: titre
in APPPATH\Controllers\Jeu.php on line 88.
 1 APPPATH\Controllers\Jeu.php(88): CodeIgniter\Debug\Exceptions->errorHandler(8, 'Undefined index: titre', 'C:\\wamp64\\www\\pfa\\site_jv\\app\\Controllers\\Jeu.php', 88, [...])
 2 SYSTEMPATH\CodeIgniter.php(932): App\Controllers\Jeu->editer('50')
 3 SYSTEMPATH\CodeIgniter.php(497): CodeIgniter\CodeIgniter->runController(Object(App\Controllers\Jeu))
 4 SYSTEMPATH\CodeIgniter.php(366): CodeIgniter\CodeIgniter->handleRequest(null, Object(Config\Cache), false)
 5 FCPATH\index.php(67): CodeIgniter\CodeIgniter->run()
 6 SYSTEMPATH\Commands\Server\rewrite.php(47): require_once('C:\\wamp64\\www\\pfa\\site_jv\\public\\index.php')
CRITICAL - 2023-07-22 10:51:33 --> Undefined index: titre
in APPPATH\Controllers\Jeu.php on line 88.
 1 APPPATH\Controllers\Jeu.php(88): CodeIgniter\Debug\Exceptions->errorHandler(8, 'Undefined index: titre', 'C:\\wamp64\\www\\pfa\\site_jv\\app\\Controllers\\Jeu.php', 88, [...])
 2 SYSTEMPATH\CodeIgniter.php(932): App\Controllers\Jeu->editer('50')
 3 SYSTEMPATH\CodeIgniter.php(497): CodeIgniter\CodeIgniter->runController(Object(App\Controllers\Jeu))
 4 SYSTEMPATH\CodeIgniter.php(366): CodeIgniter\CodeIgniter->handleRequest(null, Object(Config\Cache), false)
 5 FCPATH\index.php(67): CodeIgniter\CodeIgniter->run()
 6 SYSTEMPATH\Commands\Server\rewrite.php(47): require_once('C:\\wamp64\\www\\pfa\\site_jv\\public\\index.php')
CRITICAL - 2023-07-22 10:58:45 --> Call to a member function getName() on null
in APPPATH\Controllers\Jeu.php on line 86.
 1 SYSTEMPATH\CodeIgniter.php(932): App\Controllers\Jeu->editer('38')
 2 SYSTEMPATH\CodeIgniter.php(497): CodeIgniter\CodeIgniter->runController(Object(App\Controllers\Jeu))
 3 SYSTEMPATH\CodeIgniter.php(366): CodeIgniter\CodeIgniter->handleRequest(null, Object(Config\Cache), false)
 4 FCPATH\index.php(67): CodeIgniter\CodeIgniter->run()
 5 SYSTEMPATH\Commands\Server\rewrite.php(47): require_once('C:\\wamp64\\www\\pfa\\site_jv\\public\\index.php')
CRITICAL - 2023-07-22 10:59:01 --> Undefined variable: jeu
in APPPATH\Views\jeu\editerJeu.php on line 3.
 1 APPPATH\Views\jeu\editerJeu.php(3): CodeIgniter\Debug\Exceptions->errorHandler(8, 'Undefined variable: jeu', 'C:\\wamp64\\www\\pfa\\site_jv\\app\\Views\\jeu\\editerJeu.php', 3, [...])
 2 SYSTEMPATH\View\View.php(224): include('C:\\wamp64\\www\\pfa\\site_jv\\app\\Views\\jeu\\editerJeu.php')
 3 SYSTEMPATH\View\View.php(227): CodeIgniter\View\View->CodeIgniter\View\{closure}()
 4 SYSTEMPATH\Common.php(1180): CodeIgniter\View\View->render('jeu/editerJeu', [], true)
 5 APPPATH\Controllers\Jeu.php(97): view('jeu/editerJeu')
 6 SYSTEMPATH\CodeIgniter.php(932): App\Controllers\Jeu->editer('38')
 7 SYSTEMPATH\CodeIgniter.php(497): CodeIgniter\CodeIgniter->runController(Object(App\Controllers\Jeu))
 8 SYSTEMPATH\CodeIgniter.php(366): CodeIgniter\CodeIgniter->handleRequest(null, Object(Config\Cache), false)
 9 FCPATH\index.php(67): CodeIgniter\CodeIgniter->run()
10 SYSTEMPATH\Commands\Server\rewrite.php(47): require_once('C:\\wamp64\\www\\pfa\\site_jv\\public\\index.php')
CRITICAL - 2023-07-22 11:01:12 --> Undefined variable: jeu
in APPPATH\Views\jeu\editerJeu.php on line 3.
 1 APPPATH\Views\jeu\editerJeu.php(3): CodeIgniter\Debug\Exceptions->errorHandler(8, 'Undefined variable: jeu', 'C:\\wamp64\\www\\pfa\\site_jv\\app\\Views\\jeu\\editerJeu.php', 3, [...])
 2 SYSTEMPATH\View\View.php(224): include('C:\\wamp64\\www\\pfa\\site_jv\\app\\Views\\jeu\\editerJeu.php')
 3 SYSTEMPATH\View\View.php(227): CodeIgniter\View\View->CodeIgniter\View\{closure}()
 4 SYSTEMPATH\Common.php(1180): CodeIgniter\View\View->render('jeu/editerJeu', [], true)
 5 APPPATH\Controllers\Jeu.php(99): view('jeu/editerJeu')
 6 SYSTEMPATH\CodeIgniter.php(932): App\Controllers\Jeu->editer('50')
 7 SYSTEMPATH\CodeIgniter.php(497): CodeIgniter\CodeIgniter->runController(Object(App\Controllers\Jeu))
 8 SYSTEMPATH\CodeIgniter.php(366): CodeIgniter\CodeIgniter->handleRequest(null, Object(Config\Cache), false)
 9 FCPATH\index.php(67): CodeIgniter\CodeIgniter->run()
10 SYSTEMPATH\Commands\Server\rewrite.php(47): require_once('C:\\wamp64\\www\\pfa\\site_jv\\public\\index.php')
CRITICAL - 2023-07-22 11:02:43 --> Undefined variable: data
in APPPATH\Views\jeu\editerJeu.php on line 3.
 1 APPPATH\Views\jeu\editerJeu.php(3): CodeIgniter\Debug\Exceptions->errorHandler(8, 'Undefined variable: data', 'C:\\wamp64\\www\\pfa\\site_jv\\app\\Views\\jeu\\editerJeu.php', 3, [...])
 2 SYSTEMPATH\View\View.php(224): include('C:\\wamp64\\www\\pfa\\site_jv\\app\\Views\\jeu\\editerJeu.php')
 3 SYSTEMPATH\View\View.php(227): CodeIgniter\View\View->CodeIgniter\View\{closure}()
 4 SYSTEMPATH\Common.php(1180): CodeIgniter\View\View->render('jeu/editerJeu', [], true)
 5 APPPATH\Controllers\Jeu.php(98): view('jeu/editerJeu')
 6 SYSTEMPATH\CodeIgniter.php(932): App\Controllers\Jeu->editer('14')
 7 SYSTEMPATH\CodeIgniter.php(497): CodeIgniter\CodeIgniter->runController(Object(App\Controllers\Jeu))
 8 SYSTEMPATH\CodeIgniter.php(366): CodeIgniter\CodeIgniter->handleRequest(null, Object(Config\Cache), false)
 9 FCPATH\index.php(67): CodeIgniter\CodeIgniter->run()
10 SYSTEMPATH\Commands\Server\rewrite.php(47): require_once('C:\\wamp64\\www\\pfa\\site_jv\\public\\index.php')
CRITICAL - 2023-07-22 11:03:38 --> Undefined variable: infoJeu
in APPPATH\Views\jeu\editerJeu.php on line 3.
 1 APPPATH\Views\jeu\editerJeu.php(3): CodeIgniter\Debug\Exceptions->errorHandler(8, 'Undefined variable: infoJeu', 'C:\\wamp64\\www\\pfa\\site_jv\\app\\Views\\jeu\\editerJeu.php', 3, [...])
 2 SYSTEMPATH\View\View.php(224): include('C:\\wamp64\\www\\pfa\\site_jv\\app\\Views\\jeu\\editerJeu.php')
 3 SYSTEMPATH\View\View.php(227): CodeIgniter\View\View->CodeIgniter\View\{closure}()
 4 SYSTEMPATH\Common.php(1180): CodeIgniter\View\View->render('jeu/editerJeu', [], true)
 5 APPPATH\Controllers\Jeu.php(98): view('jeu/editerJeu')
 6 SYSTEMPATH\CodeIgniter.php(932): App\Controllers\Jeu->editer('50')
 7 SYSTEMPATH\CodeIgniter.php(497): CodeIgniter\CodeIgniter->runController(Object(App\Controllers\Jeu))
 8 SYSTEMPATH\CodeIgniter.php(366): CodeIgniter\CodeIgniter->handleRequest(null, Object(Config\Cache), false)
 9 FCPATH\index.php(67): CodeIgniter\CodeIgniter->run()
10 SYSTEMPATH\Commands\Server\rewrite.php(47): require_once('C:\\wamp64\\www\\pfa\\site_jv\\public\\index.php')
CRITICAL - 2023-07-22 11:06:01 --> Undefined variable: infoJeu
in APPPATH\Views\jeu\editerJeu.php on line 3.
 1 APPPATH\Views\jeu\editerJeu.php(3): CodeIgniter\Debug\Exceptions->errorHandler(8, 'Undefined variable: infoJeu', 'C:\\wamp64\\www\\pfa\\site_jv\\app\\Views\\jeu\\editerJeu.php', 3, [...])
 2 SYSTEMPATH\View\View.php(224): include('C:\\wamp64\\www\\pfa\\site_jv\\app\\Views\\jeu\\editerJeu.php')
 3 SYSTEMPATH\View\View.php(227): CodeIgniter\View\View->CodeIgniter\View\{closure}()
 4 SYSTEMPATH\Common.php(1180): CodeIgniter\View\View->render('jeu/editerJeu', [], true)
 5 APPPATH\Controllers\Jeu.php(106): view('jeu/editerJeu', [...])
 6 SYSTEMPATH\CodeIgniter.php(932): App\Controllers\Jeu->editer('38')
 7 SYSTEMPATH\CodeIgniter.php(497): CodeIgniter\CodeIgniter->runController(Object(App\Controllers\Jeu))
 8 SYSTEMPATH\CodeIgniter.php(366): CodeIgniter\CodeIgniter->handleRequest(null, Object(Config\Cache), false)
 9 FCPATH\index.php(67): CodeIgniter\CodeIgniter->run()
10 SYSTEMPATH\Commands\Server\rewrite.php(47): require_once('C:\\wamp64\\www\\pfa\\site_jv\\public\\index.php')
CRITICAL - 2023-07-22 11:06:40 --> Undefined variable: infoJeu
in APPPATH\Views\jeu\editerJeu.php on line 3.
 1 APPPATH\Views\jeu\editerJeu.php(3): CodeIgniter\Debug\Exceptions->errorHandler(8, 'Undefined variable: infoJeu', 'C:\\wamp64\\www\\pfa\\site_jv\\app\\Views\\jeu\\editerJeu.php', 3, [...])
 2 SYSTEMPATH\View\View.php(224): include('C:\\wamp64\\www\\pfa\\site_jv\\app\\Views\\jeu\\editerJeu.php')
 3 SYSTEMPATH\View\View.php(227): CodeIgniter\View\View->CodeIgniter\View\{closure}()
 4 SYSTEMPATH\Common.php(1180): CodeIgniter\View\View->render('jeu/editerJeu', [], true)
 5 APPPATH\Controllers\Jeu.php(106): view('jeu/editerJeu', [...])
 6 SYSTEMPATH\CodeIgniter.php(932): App\Controllers\Jeu->editer('50')
 7 SYSTEMPATH\CodeIgniter.php(497): CodeIgniter\CodeIgniter->runController(Object(App\Controllers\Jeu))
 8 SYSTEMPATH\CodeIgniter.php(366): CodeIgniter\CodeIgniter->handleRequest(null, Object(Config\Cache), false)
 9 FCPATH\index.php(67): CodeIgniter\CodeIgniter->run()
10 SYSTEMPATH\Commands\Server\rewrite.php(47): require_once('C:\\wamp64\\www\\pfa\\site_jv\\public\\index.php')
CRITICAL - 2023-07-22 11:07:41 --> Undefined variable: infoJeu
in APPPATH\Views\jeu\editerJeu.php on line 3.
 1 APPPATH\Views\jeu\editerJeu.php(3): CodeIgniter\Debug\Exceptions->errorHandler(8, 'Undefined variable: infoJeu', 'C:\\wamp64\\www\\pfa\\site_jv\\app\\Views\\jeu\\editerJeu.php', 3, [...])
 2 SYSTEMPATH\View\View.php(224): include('C:\\wamp64\\www\\pfa\\site_jv\\app\\Views\\jeu\\editerJeu.php')
 3 SYSTEMPATH\View\View.php(227): CodeIgniter\View\View->CodeIgniter\View\{closure}()
 4 SYSTEMPATH\Common.php(1180): CodeIgniter\View\View->render('jeu/editerJeu', [], true)
 5 APPPATH\Controllers\Jeu.php(106): view('jeu/editerJeu', [...])
 6 SYSTEMPATH\CodeIgniter.php(932): App\Controllers\Jeu->editer('50')
 7 SYSTEMPATH\CodeIgniter.php(497): CodeIgniter\CodeIgniter->runController(Object(App\Controllers\Jeu))
 8 SYSTEMPATH\CodeIgniter.php(366): CodeIgniter\CodeIgniter->handleRequest(null, Object(Config\Cache), false)
 9 FCPATH\index.php(67): CodeIgniter\CodeIgniter->run()
10 SYSTEMPATH\Commands\Server\rewrite.php(47): require_once('C:\\wamp64\\www\\pfa\\site_jv\\public\\index.php')
CRITICAL - 2023-07-22 11:08:07 --> Undefined variable: infoJeu
in APPPATH\Views\jeu\editerJeu.php on line 3.
 1 APPPATH\Views\jeu\editerJeu.php(3): CodeIgniter\Debug\Exceptions->errorHandler(8, 'Undefined variable: infoJeu', 'C:\\wamp64\\www\\pfa\\site_jv\\app\\Views\\jeu\\editerJeu.php', 3, [...])
 2 SYSTEMPATH\View\View.php(224): include('C:\\wamp64\\www\\pfa\\site_jv\\app\\Views\\jeu\\editerJeu.php')
 3 SYSTEMPATH\View\View.php(227): CodeIgniter\View\View->CodeIgniter\View\{closure}()
 4 SYSTEMPATH\Common.php(1180): CodeIgniter\View\View->render('jeu/editerJeu', [], true)
 5 APPPATH\Controllers\Jeu.php(112): view('jeu/editerJeu', [...])
 6 SYSTEMPATH\CodeIgniter.php(932): App\Controllers\Jeu->editer('50')
 7 SYSTEMPATH\CodeIgniter.php(497): CodeIgniter\CodeIgniter->runController(Object(App\Controllers\Jeu))
 8 SYSTEMPATH\CodeIgniter.php(366): CodeIgniter\CodeIgniter->handleRequest(null, Object(Config\Cache), false)
 9 FCPATH\index.php(67): CodeIgniter\CodeIgniter->run()
10 SYSTEMPATH\Commands\Server\rewrite.php(47): require_once('C:\\wamp64\\www\\pfa\\site_jv\\public\\index.php')
CRITICAL - 2023-07-22 11:08:11 --> Undefined variable: infoJeu
in APPPATH\Views\jeu\editerJeu.php on line 3.
 1 APPPATH\Views\jeu\editerJeu.php(3): CodeIgniter\Debug\Exceptions->errorHandler(8, 'Undefined variable: infoJeu', 'C:\\wamp64\\www\\pfa\\site_jv\\app\\Views\\jeu\\editerJeu.php', 3, [...])
 2 SYSTEMPATH\View\View.php(224): include('C:\\wamp64\\www\\pfa\\site_jv\\app\\Views\\jeu\\editerJeu.php')
 3 SYSTEMPATH\View\View.php(227): CodeIgniter\View\View->CodeIgniter\View\{closure}()
 4 SYSTEMPATH\Common.php(1180): CodeIgniter\View\View->render('jeu/editerJeu', [], true)
 5 APPPATH\Controllers\Jeu.php(112): view('jeu/editerJeu', [...])
 6 SYSTEMPATH\CodeIgniter.php(932): App\Controllers\Jeu->editer('38')
 7 SYSTEMPATH\CodeIgniter.php(497): CodeIgniter\CodeIgniter->runController(Object(App\Controllers\Jeu))
 8 SYSTEMPATH\CodeIgniter.php(366): CodeIgniter\CodeIgniter->handleRequest(null, Object(Config\Cache), false)
 9 FCPATH\index.php(67): CodeIgniter\CodeIgniter->run()
10 SYSTEMPATH\Commands\Server\rewrite.php(47): require_once('C:\\wamp64\\www\\pfa\\site_jv\\public\\index.php')
CRITICAL - 2023-07-22 11:08:59 --> Undefined variable: jeu
in APPPATH\Views\jeu\editerJeu.php on line 3.
 1 APPPATH\Views\jeu\editerJeu.php(3): CodeIgniter\Debug\Exceptions->errorHandler(8, 'Undefined variable: jeu', 'C:\\wamp64\\www\\pfa\\site_jv\\app\\Views\\jeu\\editerJeu.php', 3, [...])
 2 SYSTEMPATH\View\View.php(224): include('C:\\wamp64\\www\\pfa\\site_jv\\app\\Views\\jeu\\editerJeu.php')
 3 SYSTEMPATH\View\View.php(227): CodeIgniter\View\View->CodeIgniter\View\{closure}()
 4 SYSTEMPATH\Common.php(1180): CodeIgniter\View\View->render('jeu/editerJeu', [], true)
 5 APPPATH\Controllers\Jeu.php(98): view('jeu/editerJeu')
 6 SYSTEMPATH\CodeIgniter.php(932): App\Controllers\Jeu->editer('94')
 7 SYSTEMPATH\CodeIgniter.php(497): CodeIgniter\CodeIgniter->runController(Object(App\Controllers\Jeu))
 8 SYSTEMPATH\CodeIgniter.php(366): CodeIgniter\CodeIgniter->handleRequest(null, Object(Config\Cache), false)
 9 FCPATH\index.php(67): CodeIgniter\CodeIgniter->run()
10 SYSTEMPATH\Commands\Server\rewrite.php(47): require_once('C:\\wamp64\\www\\pfa\\site_jv\\public\\index.php')
CRITICAL - 2023-07-22 11:17:08 --> syntax error, unexpected '->' (T_OBJECT_OPERATOR), expecting identifier (T_STRING) or variable (T_VARIABLE) or '{' or '$'
in APPPATH\Controllers\Jeu.php on line 86.
 1 SYSTEMPATH\Autoloader\Autoloader.php(289): CodeIgniter\Autoloader\Autoloader->includeFile('C:\\wamp64\\www\\pfa\\site_jv\\app\\Controllers\\Jeu.php')
 2 SYSTEMPATH\Autoloader\Autoloader.php(267): CodeIgniter\Autoloader\Autoloader->loadInNamespace('App\\Controllers\\Jeu')
 3 [internal function]: CodeIgniter\Autoloader\Autoloader->loadClass('App\\Controllers\\Jeu')
 4 [internal function]: spl_autoload_call('App\\Controllers\\Jeu')
 5 SYSTEMPATH\CodeIgniter.php(890): class_exists('\\App\\Controllers\\Jeu', true)
 6 SYSTEMPATH\CodeIgniter.php(484): CodeIgniter\CodeIgniter->startController()
 7 SYSTEMPATH\CodeIgniter.php(366): CodeIgniter\CodeIgniter->handleRequest(null, Object(Config\Cache), false)
 8 FCPATH\index.php(67): CodeIgniter\CodeIgniter->run()
 9 SYSTEMPATH\Commands\Server\rewrite.php(47): require_once('C:\\wamp64\\www\\pfa\\site_jv\\public\\index.php')
CRITICAL - 2023-07-22 11:17:15 --> syntax error, unexpected '->' (T_OBJECT_OPERATOR), expecting identifier (T_STRING) or variable (T_VARIABLE) or '{' or '$'
in APPPATH\Controllers\Jeu.php on line 86.
 1 SYSTEMPATH\Autoloader\Autoloader.php(289): CodeIgniter\Autoloader\Autoloader->includeFile('C:\\wamp64\\www\\pfa\\site_jv\\app\\Controllers\\Jeu.php')
 2 SYSTEMPATH\Autoloader\Autoloader.php(267): CodeIgniter\Autoloader\Autoloader->loadInNamespace('App\\Controllers\\Jeu')
 3 [internal function]: CodeIgniter\Autoloader\Autoloader->loadClass('App\\Controllers\\Jeu')
 4 [internal function]: spl_autoload_call('App\\Controllers\\Jeu')
 5 SYSTEMPATH\CodeIgniter.php(890): class_exists('\\App\\Controllers\\Jeu', true)
 6 SYSTEMPATH\CodeIgniter.php(484): CodeIgniter\CodeIgniter->startController()
 7 SYSTEMPATH\CodeIgniter.php(366): CodeIgniter\CodeIgniter->handleRequest(null, Object(Config\Cache), false)
 8 FCPATH\index.php(67): CodeIgniter\CodeIgniter->run()
 9 SYSTEMPATH\Commands\Server\rewrite.php(47): require_once('C:\\wamp64\\www\\pfa\\site_jv\\public\\index.php')
CRITICAL - 2023-07-22 11:25:00 --> Object of class CodeIgniter\Database\MySQLi\Connection could not be converted to string
in APPPATH\Controllers\Jeu.php on line 84.
 1 SYSTEMPATH\CodeIgniter.php(932): App\Controllers\Jeu->editer('38')
 2 SYSTEMPATH\CodeIgniter.php(497): CodeIgniter\CodeIgniter->runController(Object(App\Controllers\Jeu))
 3 SYSTEMPATH\CodeIgniter.php(366): CodeIgniter\CodeIgniter->handleRequest(null, Object(Config\Cache), false)
 4 FCPATH\index.php(67): CodeIgniter\CodeIgniter->run()
 5 SYSTEMPATH\Commands\Server\rewrite.php(47): require_once('C:\\wamp64\\www\\pfa\\site_jv\\public\\index.php')
CRITICAL - 2023-07-22 11:25:54 --> Object of class CodeIgniter\Database\MySQLi\Connection could not be converted to string
in APPPATH\Controllers\Jeu.php on line 84.
 1 SYSTEMPATH\CodeIgniter.php(932): App\Controllers\Jeu->editer('38')
 2 SYSTEMPATH\CodeIgniter.php(497): CodeIgniter\CodeIgniter->runController(Object(App\Controllers\Jeu))
 3 SYSTEMPATH\CodeIgniter.php(366): CodeIgniter\CodeIgniter->handleRequest(null, Object(Config\Cache), false)
 4 FCPATH\index.php(67): CodeIgniter\CodeIgniter->run()
 5 SYSTEMPATH\Commands\Server\rewrite.php(47): require_once('C:\\wamp64\\www\\pfa\\site_jv\\public\\index.php')
CRITICAL - 2023-07-22 11:27:26 --> Class 'App\Controllers\Jeu_model' not found
in APPPATH\Controllers\Jeu.php on line 84.
 1 SYSTEMPATH\CodeIgniter.php(932): App\Controllers\Jeu->editer('38')
 2 SYSTEMPATH\CodeIgniter.php(497): CodeIgniter\CodeIgniter->runController(Object(App\Controllers\Jeu))
 3 SYSTEMPATH\CodeIgniter.php(366): CodeIgniter\CodeIgniter->handleRequest(null, Object(Config\Cache), false)
 4 FCPATH\index.php(67): CodeIgniter\CodeIgniter->run()
 5 SYSTEMPATH\Commands\Server\rewrite.php(47): require_once('C:\\wamp64\\www\\pfa\\site_jv\\public\\index.php')
CRITICAL - 2023-07-22 11:27:29 --> Class 'App\Controllers\Jeu_model' not found
in APPPATH\Controllers\Jeu.php on line 84.
 1 SYSTEMPATH\CodeIgniter.php(932): App\Controllers\Jeu->editer('38')
 2 SYSTEMPATH\CodeIgniter.php(497): CodeIgniter\CodeIgniter->runController(Object(App\Controllers\Jeu))
 3 SYSTEMPATH\CodeIgniter.php(366): CodeIgniter\CodeIgniter->handleRequest(null, Object(Config\Cache), false)
 4 FCPATH\index.php(67): CodeIgniter\CodeIgniter->run()
 5 SYSTEMPATH\Commands\Server\rewrite.php(47): require_once('C:\\wamp64\\www\\pfa\\site_jv\\public\\index.php')
CRITICAL - 2023-07-22 11:27:32 --> Class 'App\Controllers\Jeu_model' not found
in APPPATH\Controllers\Jeu.php on line 84.
 1 SYSTEMPATH\CodeIgniter.php(932): App\Controllers\Jeu->editer('38')
 2 SYSTEMPATH\CodeIgniter.php(497): CodeIgniter\CodeIgniter->runController(Object(App\Controllers\Jeu))
 3 SYSTEMPATH\CodeIgniter.php(366): CodeIgniter\CodeIgniter->handleRequest(null, Object(Config\Cache), false)
 4 FCPATH\index.php(67): CodeIgniter\CodeIgniter->run()
 5 SYSTEMPATH\Commands\Server\rewrite.php(47): require_once('C:\\wamp64\\www\\pfa\\site_jv\\public\\index.php')
CRITICAL - 2023-07-22 11:28:29 --> Undefined variable: jeu
in APPPATH\Views\jeu\editerJeu.php on line 3.
 1 APPPATH\Views\jeu\editerJeu.php(3): CodeIgniter\Debug\Exceptions->errorHandler(8, 'Undefined variable: jeu', 'C:\\wamp64\\www\\pfa\\site_jv\\app\\Views\\jeu\\editerJeu.php', 3, [...])
 2 SYSTEMPATH\View\View.php(224): include('C:\\wamp64\\www\\pfa\\site_jv\\app\\Views\\jeu\\editerJeu.php')
 3 SYSTEMPATH\View\View.php(227): CodeIgniter\View\View->CodeIgniter\View\{closure}()
 4 SYSTEMPATH\Common.php(1180): CodeIgniter\View\View->render('jeu/editerJeu', [], true)
 5 APPPATH\Controllers\Jeu.php(88): view('jeu/editerJeu')
 6 SYSTEMPATH\CodeIgniter.php(932): App\Controllers\Jeu->editer('38')
 7 SYSTEMPATH\CodeIgniter.php(497): CodeIgniter\CodeIgniter->runController(Object(App\Controllers\Jeu))
 8 SYSTEMPATH\CodeIgniter.php(366): CodeIgniter\CodeIgniter->handleRequest(null, Object(Config\Cache), false)
 9 FCPATH\index.php(67): CodeIgniter\CodeIgniter->run()
10 SYSTEMPATH\Commands\Server\rewrite.php(47): require_once('C:\\wamp64\\www\\pfa\\site_jv\\public\\index.php')
CRITICAL - 2023-07-22 11:28:29 --> Undefined variable: jeu
in APPPATH\Views\jeu\editerJeu.php on line 3.
 1 APPPATH\Views\jeu\editerJeu.php(3): CodeIgniter\Debug\Exceptions->errorHandler(8, 'Undefined variable: jeu', 'C:\\wamp64\\www\\pfa\\site_jv\\app\\Views\\jeu\\editerJeu.php', 3, [...])
 2 SYSTEMPATH\View\View.php(224): include('C:\\wamp64\\www\\pfa\\site_jv\\app\\Views\\jeu\\editerJeu.php')
 3 SYSTEMPATH\View\View.php(227): CodeIgniter\View\View->CodeIgniter\View\{closure}()
 4 SYSTEMPATH\Common.php(1180): CodeIgniter\View\View->render('jeu/editerJeu', [], true)
 5 APPPATH\Controllers\Jeu.php(88): view('jeu/editerJeu')
 6 SYSTEMPATH\CodeIgniter.php(932): App\Controllers\Jeu->editer('38')
 7 SYSTEMPATH\CodeIgniter.php(497): CodeIgniter\CodeIgniter->runController(Object(App\Controllers\Jeu))
 8 SYSTEMPATH\CodeIgniter.php(366): CodeIgniter\CodeIgniter->handleRequest(null, Object(Config\Cache), false)
 9 FCPATH\index.php(67): CodeIgniter\CodeIgniter->run()
10 SYSTEMPATH\Commands\Server\rewrite.php(47): require_once('C:\\wamp64\\www\\pfa\\site_jv\\public\\index.php')
CRITICAL - 2023-07-22 11:28:51 --> Undefined variable: jeu
in APPPATH\Views\jeu\editerJeu.php on line 3.
 1 APPPATH\Views\jeu\editerJeu.php(3): CodeIgniter\Debug\Exceptions->errorHandler(8, 'Undefined variable: jeu', 'C:\\wamp64\\www\\pfa\\site_jv\\app\\Views\\jeu\\editerJeu.php', 3, [...])
 2 SYSTEMPATH\View\View.php(224): include('C:\\wamp64\\www\\pfa\\site_jv\\app\\Views\\jeu\\editerJeu.php')
 3 SYSTEMPATH\View\View.php(227): CodeIgniter\View\View->CodeIgniter\View\{closure}()
 4 SYSTEMPATH\Common.php(1180): CodeIgniter\View\View->render('jeu/editerJeu', [], true)
 5 APPPATH\Controllers\Jeu.php(88): view('jeu/editerJeu')
 6 SYSTEMPATH\CodeIgniter.php(932): App\Controllers\Jeu->editer('38')
 7 SYSTEMPATH\CodeIgniter.php(497): CodeIgniter\CodeIgniter->runController(Object(App\Controllers\Jeu))
 8 SYSTEMPATH\CodeIgniter.php(366): CodeIgniter\CodeIgniter->handleRequest(null, Object(Config\Cache), false)
 9 FCPATH\index.php(67): CodeIgniter\CodeIgniter->run()
10 SYSTEMPATH\Commands\Server\rewrite.php(47): require_once('C:\\wamp64\\www\\pfa\\site_jv\\public\\index.php')
CRITICAL - 2023-07-22 11:48:26 --> Undefined variable: jeu
in APPPATH\Views\jeu\editerJeu.php on line 3.
 1 APPPATH\Views\jeu\editerJeu.php(3): CodeIgniter\Debug\Exceptions->errorHandler(8, 'Undefined variable: jeu', 'C:\\wamp64\\www\\pfa\\site_jv\\app\\Views\\jeu\\editerJeu.php', 3, [...])
 2 SYSTEMPATH\View\View.php(224): include('C:\\wamp64\\www\\pfa\\site_jv\\app\\Views\\jeu\\editerJeu.php')
 3 SYSTEMPATH\View\View.php(227): CodeIgniter\View\View->CodeIgniter\View\{closure}()
 4 SYSTEMPATH\Common.php(1180): CodeIgniter\View\View->render('jeu/editerJeu', [], true)
 5 APPPATH\Controllers\Jeu.php(88): view('jeu/editerJeu')
 6 SYSTEMPATH\CodeIgniter.php(932): App\Controllers\Jeu->editer('38')
 7 SYSTEMPATH\CodeIgniter.php(497): CodeIgniter\CodeIgniter->runController(Object(App\Controllers\Jeu))
 8 SYSTEMPATH\CodeIgniter.php(366): CodeIgniter\CodeIgniter->handleRequest(null, Object(Config\Cache), false)
 9 FCPATH\index.php(67): CodeIgniter\CodeIgniter->run()
10 SYSTEMPATH\Commands\Server\rewrite.php(47): require_once('C:\\wamp64\\www\\pfa\\site_jv\\public\\index.php')
CRITICAL - 2023-07-22 11:48:27 --> Undefined variable: jeu
in APPPATH\Views\jeu\editerJeu.php on line 3.
 1 APPPATH\Views\jeu\editerJeu.php(3): CodeIgniter\Debug\Exceptions->errorHandler(8, 'Undefined variable: jeu', 'C:\\wamp64\\www\\pfa\\site_jv\\app\\Views\\jeu\\editerJeu.php', 3, [...])
 2 SYSTEMPATH\View\View.php(224): include('C:\\wamp64\\www\\pfa\\site_jv\\app\\Views\\jeu\\editerJeu.php')
 3 SYSTEMPATH\View\View.php(227): CodeIgniter\View\View->CodeIgniter\View\{closure}()
 4 SYSTEMPATH\Common.php(1180): CodeIgniter\View\View->render('jeu/editerJeu', [], true)
 5 APPPATH\Controllers\Jeu.php(88): view('jeu/editerJeu')
 6 SYSTEMPATH\CodeIgniter.php(932): App\Controllers\Jeu->editer('38')
 7 SYSTEMPATH\CodeIgniter.php(497): CodeIgniter\CodeIgniter->runController(Object(App\Controllers\Jeu))
 8 SYSTEMPATH\CodeIgniter.php(366): CodeIgniter\CodeIgniter->handleRequest(null, Object(Config\Cache), false)
 9 FCPATH\index.php(67): CodeIgniter\CodeIgniter->run()
10 SYSTEMPATH\Commands\Server\rewrite.php(47): require_once('C:\\wamp64\\www\\pfa\\site_jv\\public\\index.php')
CRITICAL - 2023-07-22 11:48:30 --> Undefined variable: jeu
in APPPATH\Views\jeu\editerJeu.php on line 3.
 1 APPPATH\Views\jeu\editerJeu.php(3): CodeIgniter\Debug\Exceptions->errorHandler(8, 'Undefined variable: jeu', 'C:\\wamp64\\www\\pfa\\site_jv\\app\\Views\\jeu\\editerJeu.php', 3, [...])
 2 SYSTEMPATH\View\View.php(224): include('C:\\wamp64\\www\\pfa\\site_jv\\app\\Views\\jeu\\editerJeu.php')
 3 SYSTEMPATH\View\View.php(227): CodeIgniter\View\View->CodeIgniter\View\{closure}()
 4 SYSTEMPATH\Common.php(1180): CodeIgniter\View\View->render('jeu/editerJeu', [], true)
 5 APPPATH\Controllers\Jeu.php(88): view('jeu/editerJeu')
 6 SYSTEMPATH\CodeIgniter.php(932): App\Controllers\Jeu->editer('52')
 7 SYSTEMPATH\CodeIgniter.php(497): CodeIgniter\CodeIgniter->runController(Object(App\Controllers\Jeu))
 8 SYSTEMPATH\CodeIgniter.php(366): CodeIgniter\CodeIgniter->handleRequest(null, Object(Config\Cache), false)
 9 FCPATH\index.php(67): CodeIgniter\CodeIgniter->run()
10 SYSTEMPATH\Commands\Server\rewrite.php(47): require_once('C:\\wamp64\\www\\pfa\\site_jv\\public\\index.php')
CRITICAL - 2023-07-22 12:17:14 --> Undefined variable: jeu
in APPPATH\Views\jeu\editerJeu.php on line 3.
 1 APPPATH\Views\jeu\editerJeu.php(3): CodeIgniter\Debug\Exceptions->errorHandler(8, 'Undefined variable: jeu', 'C:\\wamp64\\www\\pfa\\site_jv\\app\\Views\\jeu\\editerJeu.php', 3, [...])
 2 SYSTEMPATH\View\View.php(224): include('C:\\wamp64\\www\\pfa\\site_jv\\app\\Views\\jeu\\editerJeu.php')
 3 SYSTEMPATH\View\View.php(227): CodeIgniter\View\View->CodeIgniter\View\{closure}()
 4 SYSTEMPATH\Common.php(1180): CodeIgniter\View\View->render('jeu/editerJeu', [], true)
 5 APPPATH\Controllers\Jeu.php(90): view('jeu/editerJeu')
 6 SYSTEMPATH\CodeIgniter.php(932): App\Controllers\Jeu->editer('15')
 7 SYSTEMPATH\CodeIgniter.php(497): CodeIgniter\CodeIgniter->runController(Object(App\Controllers\Jeu))
 8 SYSTEMPATH\CodeIgniter.php(366): CodeIgniter\CodeIgniter->handleRequest(null, Object(Config\Cache), false)
 9 FCPATH\index.php(67): CodeIgniter\CodeIgniter->run()
10 SYSTEMPATH\Commands\Server\rewrite.php(47): require_once('C:\\wamp64\\www\\pfa\\site_jv\\public\\index.php')
CRITICAL - 2023-07-22 12:17:31 --> Undefined variable: jeu
in APPPATH\Views\jeu\editerJeu.php on line 3.
 1 APPPATH\Views\jeu\editerJeu.php(3): CodeIgniter\Debug\Exceptions->errorHandler(8, 'Undefined variable: jeu', 'C:\\wamp64\\www\\pfa\\site_jv\\app\\Views\\jeu\\editerJeu.php', 3, [...])
 2 SYSTEMPATH\View\View.php(224): include('C:\\wamp64\\www\\pfa\\site_jv\\app\\Views\\jeu\\editerJeu.php')
 3 SYSTEMPATH\View\View.php(227): CodeIgniter\View\View->CodeIgniter\View\{closure}()
 4 SYSTEMPATH\Common.php(1180): CodeIgniter\View\View->render('jeu/editerJeu', [], true)
 5 APPPATH\Controllers\Jeu.php(90): view('jeu/editerJeu')
 6 SYSTEMPATH\CodeIgniter.php(932): App\Controllers\Jeu->editer('15')
 7 SYSTEMPATH\CodeIgniter.php(497): CodeIgniter\CodeIgniter->runController(Object(App\Controllers\Jeu))
 8 SYSTEMPATH\CodeIgniter.php(366): CodeIgniter\CodeIgniter->handleRequest(null, Object(Config\Cache), false)
 9 FCPATH\index.php(67): CodeIgniter\CodeIgniter->run()
10 SYSTEMPATH\Commands\Server\rewrite.php(47): require_once('C:\\wamp64\\www\\pfa\\site_jv\\public\\index.php')
CRITICAL - 2023-07-22 12:23:00 --> Undefined variable: jeu
in APPPATH\Views\jeu\editerJeu.php on line 3.
 1 APPPATH\Views\jeu\editerJeu.php(3): CodeIgniter\Debug\Exceptions->errorHandler(8, 'Undefined variable: jeu', 'C:\\wamp64\\www\\pfa\\site_jv\\app\\Views\\jeu\\editerJeu.php', 3, [...])
 2 SYSTEMPATH\View\View.php(224): include('C:\\wamp64\\www\\pfa\\site_jv\\app\\Views\\jeu\\editerJeu.php')
 3 SYSTEMPATH\View\View.php(227): CodeIgniter\View\View->CodeIgniter\View\{closure}()
 4 SYSTEMPATH\Common.php(1180): CodeIgniter\View\View->render('jeu/editerJeu', [], true)
 5 APPPATH\Controllers\Jeu.php(102): view('jeu/editerJeu')
 6 SYSTEMPATH\CodeIgniter.php(932): App\Controllers\Jeu->editer('94')
 7 SYSTEMPATH\CodeIgniter.php(497): CodeIgniter\CodeIgniter->runController(Object(App\Controllers\Jeu))
 8 SYSTEMPATH\CodeIgniter.php(366): CodeIgniter\CodeIgniter->handleRequest(null, Object(Config\Cache), false)
 9 FCPATH\index.php(67): CodeIgniter\CodeIgniter->run()
10 SYSTEMPATH\Commands\Server\rewrite.php(47): require_once('C:\\wamp64\\www\\pfa\\site_jv\\public\\index.php')
CRITICAL - 2023-07-22 12:28:06 --> Undefined variable: jeu
in APPPATH\Views\jeu\editerJeu.php on line 3.
 1 APPPATH\Views\jeu\editerJeu.php(3): CodeIgniter\Debug\Exceptions->errorHandler(8, 'Undefined variable: jeu', 'C:\\wamp64\\www\\pfa\\site_jv\\app\\Views\\jeu\\editerJeu.php', 3, [...])
 2 SYSTEMPATH\View\View.php(224): include('C:\\wamp64\\www\\pfa\\site_jv\\app\\Views\\jeu\\editerJeu.php')
 3 SYSTEMPATH\View\View.php(227): CodeIgniter\View\View->CodeIgniter\View\{closure}()
 4 SYSTEMPATH\Common.php(1180): CodeIgniter\View\View->render('jeu/editerJeu', [], true)
 5 APPPATH\Controllers\Jeu.php(106): view('jeu/editerJeu')
 6 SYSTEMPATH\CodeIgniter.php(932): App\Controllers\Jeu->editer('94')
 7 SYSTEMPATH\CodeIgniter.php(497): CodeIgniter\CodeIgniter->runController(Object(App\Controllers\Jeu))
 8 SYSTEMPATH\CodeIgniter.php(366): CodeIgniter\CodeIgniter->handleRequest(null, Object(Config\Cache), false)
 9 FCPATH\index.php(67): CodeIgniter\CodeIgniter->run()
10 SYSTEMPATH\Commands\Server\rewrite.php(47): require_once('C:\\wamp64\\www\\pfa\\site_jv\\public\\index.php')
CRITICAL - 2023-07-22 12:28:07 --> Undefined variable: jeu
in APPPATH\Views\jeu\editerJeu.php on line 3.
 1 APPPATH\Views\jeu\editerJeu.php(3): CodeIgniter\Debug\Exceptions->errorHandler(8, 'Undefined variable: jeu', 'C:\\wamp64\\www\\pfa\\site_jv\\app\\Views\\jeu\\editerJeu.php', 3, [...])
 2 SYSTEMPATH\View\View.php(224): include('C:\\wamp64\\www\\pfa\\site_jv\\app\\Views\\jeu\\editerJeu.php')
 3 SYSTEMPATH\View\View.php(227): CodeIgniter\View\View->CodeIgniter\View\{closure}()
 4 SYSTEMPATH\Common.php(1180): CodeIgniter\View\View->render('jeu/editerJeu', [], true)
 5 APPPATH\Controllers\Jeu.php(106): view('jeu/editerJeu')
 6 SYSTEMPATH\CodeIgniter.php(932): App\Controllers\Jeu->editer('94')
 7 SYSTEMPATH\CodeIgniter.php(497): CodeIgniter\CodeIgniter->runController(Object(App\Controllers\Jeu))
 8 SYSTEMPATH\CodeIgniter.php(366): CodeIgniter\CodeIgniter->handleRequest(null, Object(Config\Cache), false)
 9 FCPATH\index.php(67): CodeIgniter\CodeIgniter->run()
10 SYSTEMPATH\Commands\Server\rewrite.php(47): require_once('C:\\wamp64\\www\\pfa\\site_jv\\public\\index.php')
CRITICAL - 2023-07-22 12:30:14 --> Undefined variable: jeu
in APPPATH\Views\jeu\editerJeu.php on line 3.
 1 APPPATH\Views\jeu\editerJeu.php(3): CodeIgniter\Debug\Exceptions->errorHandler(8, 'Undefined variable: jeu', 'C:\\wamp64\\www\\pfa\\site_jv\\app\\Views\\jeu\\editerJeu.php', 3, [...])
 2 SYSTEMPATH\View\View.php(224): include('C:\\wamp64\\www\\pfa\\site_jv\\app\\Views\\jeu\\editerJeu.php')
 3 SYSTEMPATH\View\View.php(227): CodeIgniter\View\View->CodeIgniter\View\{closure}()
 4 SYSTEMPATH\Common.php(1180): CodeIgniter\View\View->render('jeu/editerJeu', [], true)
 5 APPPATH\Controllers\Jeu.php(111): view('jeu/editerJeu')
 6 SYSTEMPATH\CodeIgniter.php(932): App\Controllers\Jeu->editer('50')
 7 SYSTEMPATH\CodeIgniter.php(497): CodeIgniter\CodeIgniter->runController(Object(App\Controllers\Jeu))
 8 SYSTEMPATH\CodeIgniter.php(366): CodeIgniter\CodeIgniter->handleRequest(null, Object(Config\Cache), false)
 9 FCPATH\index.php(67): CodeIgniter\CodeIgniter->run()
10 SYSTEMPATH\Commands\Server\rewrite.php(47): require_once('C:\\wamp64\\www\\pfa\\site_jv\\public\\index.php')
CRITICAL - 2023-07-22 12:30:15 --> Undefined variable: jeu
in APPPATH\Views\jeu\editerJeu.php on line 3.
 1 APPPATH\Views\jeu\editerJeu.php(3): CodeIgniter\Debug\Exceptions->errorHandler(8, 'Undefined variable: jeu', 'C:\\wamp64\\www\\pfa\\site_jv\\app\\Views\\jeu\\editerJeu.php', 3, [...])
 2 SYSTEMPATH\View\View.php(224): include('C:\\wamp64\\www\\pfa\\site_jv\\app\\Views\\jeu\\editerJeu.php')
 3 SYSTEMPATH\View\View.php(227): CodeIgniter\View\View->CodeIgniter\View\{closure}()
 4 SYSTEMPATH\Common.php(1180): CodeIgniter\View\View->render('jeu/editerJeu', [], true)
 5 APPPATH\Controllers\Jeu.php(111): view('jeu/editerJeu')
 6 SYSTEMPATH\CodeIgniter.php(932): App\Controllers\Jeu->editer('50')
 7 SYSTEMPATH\CodeIgniter.php(497): CodeIgniter\CodeIgniter->runController(Object(App\Controllers\Jeu))
 8 SYSTEMPATH\CodeIgniter.php(366): CodeIgniter\CodeIgniter->handleRequest(null, Object(Config\Cache), false)
 9 FCPATH\index.php(67): CodeIgniter\CodeIgniter->run()
10 SYSTEMPATH\Commands\Server\rewrite.php(47): require_once('C:\\wamp64\\www\\pfa\\site_jv\\public\\index.php')
CRITICAL - 2023-07-22 12:30:30 --> Undefined index: id_jeu
in APPPATH\Views\jeu\editerJeu.php on line 3.
 1 APPPATH\Views\jeu\editerJeu.php(3): CodeIgniter\Debug\Exceptions->errorHandler(8, 'Undefined index: id_jeu', 'C:\\wamp64\\www\\pfa\\site_jv\\app\\Views\\jeu\\editerJeu.php', 3, [...])
 2 SYSTEMPATH\View\View.php(224): include('C:\\wamp64\\www\\pfa\\site_jv\\app\\Views\\jeu\\editerJeu.php')
 3 SYSTEMPATH\View\View.php(227): CodeIgniter\View\View->CodeIgniter\View\{closure}()
 4 SYSTEMPATH\Common.php(1180): CodeIgniter\View\View->render('jeu/editerJeu', [], true)
 5 APPPATH\Controllers\Jeu.php(110): view('jeu/editerJeu', [...])
 6 SYSTEMPATH\CodeIgniter.php(932): App\Controllers\Jeu->editer('50')
 7 SYSTEMPATH\CodeIgniter.php(497): CodeIgniter\CodeIgniter->runController(Object(App\Controllers\Jeu))
 8 SYSTEMPATH\CodeIgniter.php(366): CodeIgniter\CodeIgniter->handleRequest(null, Object(Config\Cache), false)
 9 FCPATH\index.php(67): CodeIgniter\CodeIgniter->run()
10 SYSTEMPATH\Commands\Server\rewrite.php(47): require_once('C:\\wamp64\\www\\pfa\\site_jv\\public\\index.php')
CRITICAL - 2023-07-22 12:30:31 --> Undefined index: id_jeu
in APPPATH\Views\jeu\editerJeu.php on line 3.
 1 APPPATH\Views\jeu\editerJeu.php(3): CodeIgniter\Debug\Exceptions->errorHandler(8, 'Undefined index: id_jeu', 'C:\\wamp64\\www\\pfa\\site_jv\\app\\Views\\jeu\\editerJeu.php', 3, [...])
 2 SYSTEMPATH\View\View.php(224): include('C:\\wamp64\\www\\pfa\\site_jv\\app\\Views\\jeu\\editerJeu.php')
 3 SYSTEMPATH\View\View.php(227): CodeIgniter\View\View->CodeIgniter\View\{closure}()
 4 SYSTEMPATH\Common.php(1180): CodeIgniter\View\View->render('jeu/editerJeu', [], true)
 5 APPPATH\Controllers\Jeu.php(110): view('jeu/editerJeu', [...])
 6 SYSTEMPATH\CodeIgniter.php(932): App\Controllers\Jeu->editer('38')
 7 SYSTEMPATH\CodeIgniter.php(497): CodeIgniter\CodeIgniter->runController(Object(App\Controllers\Jeu))
 8 SYSTEMPATH\CodeIgniter.php(366): CodeIgniter\CodeIgniter->handleRequest(null, Object(Config\Cache), false)
 9 FCPATH\index.php(67): CodeIgniter\CodeIgniter->run()
10 SYSTEMPATH\Commands\Server\rewrite.php(47): require_once('C:\\wamp64\\www\\pfa\\site_jv\\public\\index.php')
CRITICAL - 2023-07-22 12:31:11 --> Undefined offset: 0
in SYSTEMPATH\Router\RouteCollection.php on line 1242.
 1 SYSTEMPATH\Router\RouteCollection.php(1242): CodeIgniter\Debug\Exceptions->errorHandler(8, 'Undefined offset: 0', 'C:\\wamp64\\www\\pfa\\site_jv\\system\\Router\\RouteCollection.php', 1242, [...])
 2 SYSTEMPATH\Router\RouteCollection.php(1059): CodeIgniter\Router\RouteCollection->buildReverseRoute('jeu/editer/([^/]+)', [])
 3 SYSTEMPATH\Common.php(966): CodeIgniter\Router\RouteCollection->reverseRoute('editer_jeu')
 4 SYSTEMPATH\Helpers\url_helper.php(592): route_to('editer_jeu')
 5 APPPATH\Views\jeu\editerJeu.php(3): url_to('editer_jeu')
 6 SYSTEMPATH\View\View.php(224): include('C:\\wamp64\\www\\pfa\\site_jv\\app\\Views\\jeu\\editerJeu.php')
 7 SYSTEMPATH\View\View.php(227): CodeIgniter\View\View->CodeIgniter\View\{closure}()
 8 SYSTEMPATH\Common.php(1180): CodeIgniter\View\View->render('jeu/editerJeu', [], true)
 9 APPPATH\Controllers\Jeu.php(110): view('jeu/editerJeu', [...])
10 SYSTEMPATH\CodeIgniter.php(932): App\Controllers\Jeu->editer('38')
11 SYSTEMPATH\CodeIgniter.php(497): CodeIgniter\CodeIgniter->runController(Object(App\Controllers\Jeu))
12 SYSTEMPATH\CodeIgniter.php(366): CodeIgniter\CodeIgniter->handleRequest(null, Object(Config\Cache), false)
13 FCPATH\index.php(67): CodeIgniter\CodeIgniter->run()
14 SYSTEMPATH\Commands\Server\rewrite.php(47): require_once('C:\\wamp64\\www\\pfa\\site_jv\\public\\index.php')
CRITICAL - 2023-07-22 12:31:11 --> Undefined offset: 0
in SYSTEMPATH\Router\RouteCollection.php on line 1242.
 1 SYSTEMPATH\Router\RouteCollection.php(1242): CodeIgniter\Debug\Exceptions->errorHandler(8, 'Undefined offset: 0', 'C:\\wamp64\\www\\pfa\\site_jv\\system\\Router\\RouteCollection.php', 1242, [...])
 2 SYSTEMPATH\Router\RouteCollection.php(1059): CodeIgniter\Router\RouteCollection->buildReverseRoute('jeu/editer/([^/]+)', [])
 3 SYSTEMPATH\Common.php(966): CodeIgniter\Router\RouteCollection->reverseRoute('editer_jeu')
 4 SYSTEMPATH\Helpers\url_helper.php(592): route_to('editer_jeu')
 5 APPPATH\Views\jeu\editerJeu.php(3): url_to('editer_jeu')
 6 SYSTEMPATH\View\View.php(224): include('C:\\wamp64\\www\\pfa\\site_jv\\app\\Views\\jeu\\editerJeu.php')
 7 SYSTEMPATH\View\View.php(227): CodeIgniter\View\View->CodeIgniter\View\{closure}()
 8 SYSTEMPATH\Common.php(1180): CodeIgniter\View\View->render('jeu/editerJeu', [], true)
 9 APPPATH\Controllers\Jeu.php(110): view('jeu/editerJeu', [...])
10 SYSTEMPATH\CodeIgniter.php(932): App\Controllers\Jeu->editer('38')
11 SYSTEMPATH\CodeIgniter.php(497): CodeIgniter\CodeIgniter->runController(Object(App\Controllers\Jeu))
12 SYSTEMPATH\CodeIgniter.php(366): CodeIgniter\CodeIgniter->handleRequest(null, Object(Config\Cache), false)
13 FCPATH\index.php(67): CodeIgniter\CodeIgniter->run()
14 SYSTEMPATH\Commands\Server\rewrite.php(47): require_once('C:\\wamp64\\www\\pfa\\site_jv\\public\\index.php')
CRITICAL - 2023-07-22 12:31:16 --> Undefined offset: 0
in SYSTEMPATH\Router\RouteCollection.php on line 1242.
 1 SYSTEMPATH\Router\RouteCollection.php(1242): CodeIgniter\Debug\Exceptions->errorHandler(8, 'Undefined offset: 0', 'C:\\wamp64\\www\\pfa\\site_jv\\system\\Router\\RouteCollection.php', 1242, [...])
 2 SYSTEMPATH\Router\RouteCollection.php(1059): CodeIgniter\Router\RouteCollection->buildReverseRoute('jeu/editer/([^/]+)', [])
 3 SYSTEMPATH\Common.php(966): CodeIgniter\Router\RouteCollection->reverseRoute('editer_jeu')
 4 SYSTEMPATH\Helpers\url_helper.php(592): route_to('editer_jeu')
 5 APPPATH\Views\jeu\editerJeu.php(3): url_to('editer_jeu')
 6 SYSTEMPATH\View\View.php(224): include('C:\\wamp64\\www\\pfa\\site_jv\\app\\Views\\jeu\\editerJeu.php')
 7 SYSTEMPATH\View\View.php(227): CodeIgniter\View\View->CodeIgniter\View\{closure}()
 8 SYSTEMPATH\Common.php(1180): CodeIgniter\View\View->render('jeu/editerJeu', [], true)
 9 APPPATH\Controllers\Jeu.php(110): view('jeu/editerJeu', [...])
10 SYSTEMPATH\CodeIgniter.php(932): App\Controllers\Jeu->editer('14')
11 SYSTEMPATH\CodeIgniter.php(497): CodeIgniter\CodeIgniter->runController(Object(App\Controllers\Jeu))
12 SYSTEMPATH\CodeIgniter.php(366): CodeIgniter\CodeIgniter->handleRequest(null, Object(Config\Cache), false)
13 FCPATH\index.php(67): CodeIgniter\CodeIgniter->run()
14 SYSTEMPATH\Commands\Server\rewrite.php(47): require_once('C:\\wamp64\\www\\pfa\\site_jv\\public\\index.php')
CRITICAL - 2023-07-22 12:31:36 --> preg_match() expects parameter 2 to be string, array given
in SYSTEMPATH\Router\RouteCollection.php on line 1242.
 1 [internal function]: CodeIgniter\Debug\Exceptions->errorHandler(2, 'preg_match() expects parameter 2 to be string, array given', 'C:\\wamp64\\www\\pfa\\site_jv\\system\\Router\\RouteCollection.php', 1242, [...])
 2 SYSTEMPATH\Router\RouteCollection.php(1242): preg_match('#^([^/]+)$#u', [...])
 3 SYSTEMPATH\Router\RouteCollection.php(1059): CodeIgniter\Router\RouteCollection->buildReverseRoute('jeu/editer/([^/]+)', [...])
 4 SYSTEMPATH\Common.php(966): CodeIgniter\Router\RouteCollection->reverseRoute('editer_jeu', [...])
 5 SYSTEMPATH\Helpers\url_helper.php(592): route_to('editer_jeu', [...])
 6 APPPATH\Views\jeu\editerJeu.php(3): url_to('editer_jeu', [...])
 7 SYSTEMPATH\View\View.php(224): include('C:\\wamp64\\www\\pfa\\site_jv\\app\\Views\\jeu\\editerJeu.php')
 8 SYSTEMPATH\View\View.php(227): CodeIgniter\View\View->CodeIgniter\View\{closure}()
 9 SYSTEMPATH\Common.php(1180): CodeIgniter\View\View->render('jeu/editerJeu', [], true)
10 APPPATH\Controllers\Jeu.php(110): view('jeu/editerJeu', [...])
11 SYSTEMPATH\CodeIgniter.php(932): App\Controllers\Jeu->editer('14')
12 SYSTEMPATH\CodeIgniter.php(497): CodeIgniter\CodeIgniter->runController(Object(App\Controllers\Jeu))
13 SYSTEMPATH\CodeIgniter.php(366): CodeIgniter\CodeIgniter->handleRequest(null, Object(Config\Cache), false)
14 FCPATH\index.php(67): CodeIgniter\CodeIgniter->run()
15 SYSTEMPATH\Commands\Server\rewrite.php(47): require_once('C:\\wamp64\\www\\pfa\\site_jv\\public\\index.php')
CRITICAL - 2023-07-22 12:31:37 --> preg_match() expects parameter 2 to be string, array given
in SYSTEMPATH\Router\RouteCollection.php on line 1242.
 1 [internal function]: CodeIgniter\Debug\Exceptions->errorHandler(2, 'preg_match() expects parameter 2 to be string, array given', 'C:\\wamp64\\www\\pfa\\site_jv\\system\\Router\\RouteCollection.php', 1242, [...])
 2 SYSTEMPATH\Router\RouteCollection.php(1242): preg_match('#^([^/]+)$#u', [...])
 3 SYSTEMPATH\Router\RouteCollection.php(1059): CodeIgniter\Router\RouteCollection->buildReverseRoute('jeu/editer/([^/]+)', [...])
 4 SYSTEMPATH\Common.php(966): CodeIgniter\Router\RouteCollection->reverseRoute('editer_jeu', [...])
 5 SYSTEMPATH\Helpers\url_helper.php(592): route_to('editer_jeu', [...])
 6 APPPATH\Views\jeu\editerJeu.php(3): url_to('editer_jeu', [...])
 7 SYSTEMPATH\View\View.php(224): include('C:\\wamp64\\www\\pfa\\site_jv\\app\\Views\\jeu\\editerJeu.php')
 8 SYSTEMPATH\View\View.php(227): CodeIgniter\View\View->CodeIgniter\View\{closure}()
 9 SYSTEMPATH\Common.php(1180): CodeIgniter\View\View->render('jeu/editerJeu', [], true)
10 APPPATH\Controllers\Jeu.php(110): view('jeu/editerJeu', [...])
11 SYSTEMPATH\CodeIgniter.php(932): App\Controllers\Jeu->editer('14')
12 SYSTEMPATH\CodeIgniter.php(497): CodeIgniter\CodeIgniter->runController(Object(App\Controllers\Jeu))
13 SYSTEMPATH\CodeIgniter.php(366): CodeIgniter\CodeIgniter->handleRequest(null, Object(Config\Cache), false)
14 FCPATH\index.php(67): CodeIgniter\CodeIgniter->run()
15 SYSTEMPATH\Commands\Server\rewrite.php(47): require_once('C:\\wamp64\\www\\pfa\\site_jv\\public\\index.php')
CRITICAL - 2023-07-22 12:31:56 --> Undefined index: id_jeu
in APPPATH\Views\jeu\editerJeu.php on line 3.
 1 APPPATH\Views\jeu\editerJeu.php(3): CodeIgniter\Debug\Exceptions->errorHandler(8, 'Undefined index: id_jeu', 'C:\\wamp64\\www\\pfa\\site_jv\\app\\Views\\jeu\\editerJeu.php', 3, [...])
 2 SYSTEMPATH\View\View.php(224): include('C:\\wamp64\\www\\pfa\\site_jv\\app\\Views\\jeu\\editerJeu.php')
 3 SYSTEMPATH\View\View.php(227): CodeIgniter\View\View->CodeIgniter\View\{closure}()
 4 SYSTEMPATH\Common.php(1180): CodeIgniter\View\View->render('jeu/editerJeu', [], true)
 5 APPPATH\Controllers\Jeu.php(110): view('jeu/editerJeu', [...])
 6 SYSTEMPATH\CodeIgniter.php(932): App\Controllers\Jeu->editer('14')
 7 SYSTEMPATH\CodeIgniter.php(497): CodeIgniter\CodeIgniter->runController(Object(App\Controllers\Jeu))
 8 SYSTEMPATH\CodeIgniter.php(366): CodeIgniter\CodeIgniter->handleRequest(null, Object(Config\Cache), false)
 9 FCPATH\index.php(67): CodeIgniter\CodeIgniter->run()
10 SYSTEMPATH\Commands\Server\rewrite.php(47): require_once('C:\\wamp64\\www\\pfa\\site_jv\\public\\index.php')
CRITICAL - 2023-07-22 12:31:57 --> Undefined index: id_jeu
in APPPATH\Views\jeu\editerJeu.php on line 3.
 1 APPPATH\Views\jeu\editerJeu.php(3): CodeIgniter\Debug\Exceptions->errorHandler(8, 'Undefined index: id_jeu', 'C:\\wamp64\\www\\pfa\\site_jv\\app\\Views\\jeu\\editerJeu.php', 3, [...])
 2 SYSTEMPATH\View\View.php(224): include('C:\\wamp64\\www\\pfa\\site_jv\\app\\Views\\jeu\\editerJeu.php')
 3 SYSTEMPATH\View\View.php(227): CodeIgniter\View\View->CodeIgniter\View\{closure}()
 4 SYSTEMPATH\Common.php(1180): CodeIgniter\View\View->render('jeu/editerJeu', [], true)
 5 APPPATH\Controllers\Jeu.php(110): view('jeu/editerJeu', [...])
 6 SYSTEMPATH\CodeIgniter.php(932): App\Controllers\Jeu->editer('14')
 7 SYSTEMPATH\CodeIgniter.php(497): CodeIgniter\CodeIgniter->runController(Object(App\Controllers\Jeu))
 8 SYSTEMPATH\CodeIgniter.php(366): CodeIgniter\CodeIgniter->handleRequest(null, Object(Config\Cache), false)
 9 FCPATH\index.php(67): CodeIgniter\CodeIgniter->run()
10 SYSTEMPATH\Commands\Server\rewrite.php(47): require_once('C:\\wamp64\\www\\pfa\\site_jv\\public\\index.php')
CRITICAL - 2023-07-22 12:33:12 --> Undefined index: id_jeu
in APPPATH\Views\jeu\editerJeu.php on line 3.
 1 APPPATH\Views\jeu\editerJeu.php(3): CodeIgniter\Debug\Exceptions->errorHandler(8, 'Undefined index: id_jeu', 'C:\\wamp64\\www\\pfa\\site_jv\\app\\Views\\jeu\\editerJeu.php', 3, [...])
 2 SYSTEMPATH\View\View.php(224): include('C:\\wamp64\\www\\pfa\\site_jv\\app\\Views\\jeu\\editerJeu.php')
 3 SYSTEMPATH\View\View.php(227): CodeIgniter\View\View->CodeIgniter\View\{closure}()
 4 SYSTEMPATH\Common.php(1180): CodeIgniter\View\View->render('jeu/editerJeu', [], true)
 5 APPPATH\Controllers\Jeu.php(110): view('jeu/editerJeu', [...])
 6 SYSTEMPATH\CodeIgniter.php(932): App\Controllers\Jeu->editer('14')
 7 SYSTEMPATH\CodeIgniter.php(497): CodeIgniter\CodeIgniter->runController(Object(App\Controllers\Jeu))
 8 SYSTEMPATH\CodeIgniter.php(366): CodeIgniter\CodeIgniter->handleRequest(null, Object(Config\Cache), false)
 9 FCPATH\index.php(67): CodeIgniter\CodeIgniter->run()
10 SYSTEMPATH\Commands\Server\rewrite.php(47): require_once('C:\\wamp64\\www\\pfa\\site_jv\\public\\index.php')
CRITICAL - 2023-07-22 12:33:15 --> Undefined index: id_jeu
in APPPATH\Views\jeu\editerJeu.php on line 3.
 1 APPPATH\Views\jeu\editerJeu.php(3): CodeIgniter\Debug\Exceptions->errorHandler(8, 'Undefined index: id_jeu', 'C:\\wamp64\\www\\pfa\\site_jv\\app\\Views\\jeu\\editerJeu.php', 3, [...])
 2 SYSTEMPATH\View\View.php(224): include('C:\\wamp64\\www\\pfa\\site_jv\\app\\Views\\jeu\\editerJeu.php')
 3 SYSTEMPATH\View\View.php(227): CodeIgniter\View\View->CodeIgniter\View\{closure}()
 4 SYSTEMPATH\Common.php(1180): CodeIgniter\View\View->render('jeu/editerJeu', [], true)
 5 APPPATH\Controllers\Jeu.php(110): view('jeu/editerJeu', [...])
 6 SYSTEMPATH\CodeIgniter.php(932): App\Controllers\Jeu->editer('14')
 7 SYSTEMPATH\CodeIgniter.php(497): CodeIgniter\CodeIgniter->runController(Object(App\Controllers\Jeu))
 8 SYSTEMPATH\CodeIgniter.php(366): CodeIgniter\CodeIgniter->handleRequest(null, Object(Config\Cache), false)
 9 FCPATH\index.php(67): CodeIgniter\CodeIgniter->run()
10 SYSTEMPATH\Commands\Server\rewrite.php(47): require_once('C:\\wamp64\\www\\pfa\\site_jv\\public\\index.php')
CRITICAL - 2023-07-22 12:34:15 --> Call to undefined function set_value()
in APPPATH\Views\jeu\editerJeu.php on line 6.
 1 SYSTEMPATH\View\View.php(224): include()
 2 SYSTEMPATH\View\View.php(227): CodeIgniter\View\View->CodeIgniter\View\{closure}()
 3 SYSTEMPATH\Common.php(1180): CodeIgniter\View\View->render('jeu/editerJeu', [], true)
 4 APPPATH\Controllers\Jeu.php(110): view('jeu/editerJeu', [...])
 5 SYSTEMPATH\CodeIgniter.php(932): App\Controllers\Jeu->editer('14')
 6 SYSTEMPATH\CodeIgniter.php(497): CodeIgniter\CodeIgniter->runController(Object(App\Controllers\Jeu))
 7 SYSTEMPATH\CodeIgniter.php(366): CodeIgniter\CodeIgniter->handleRequest(null, Object(Config\Cache), false)
 8 FCPATH\index.php(67): CodeIgniter\CodeIgniter->run()
 9 SYSTEMPATH\Commands\Server\rewrite.php(47): require_once('C:\\wamp64\\www\\pfa\\site_jv\\public\\index.php')
CRITICAL - 2023-07-22 12:34:15 --> Call to undefined function set_value()
in APPPATH\Views\jeu\editerJeu.php on line 6.
 1 SYSTEMPATH\View\View.php(224): include()
 2 SYSTEMPATH\View\View.php(227): CodeIgniter\View\View->CodeIgniter\View\{closure}()
 3 SYSTEMPATH\Common.php(1180): CodeIgniter\View\View->render('jeu/editerJeu', [], true)
 4 APPPATH\Controllers\Jeu.php(110): view('jeu/editerJeu', [...])
 5 SYSTEMPATH\CodeIgniter.php(932): App\Controllers\Jeu->editer('14')
 6 SYSTEMPATH\CodeIgniter.php(497): CodeIgniter\CodeIgniter->runController(Object(App\Controllers\Jeu))
 7 SYSTEMPATH\CodeIgniter.php(366): CodeIgniter\CodeIgniter->handleRequest(null, Object(Config\Cache), false)
 8 FCPATH\index.php(67): CodeIgniter\CodeIgniter->run()
 9 SYSTEMPATH\Commands\Server\rewrite.php(47): require_once('C:\\wamp64\\www\\pfa\\site_jv\\public\\index.php')
CRITICAL - 2023-07-22 12:35:28 --> Undefined variable: editeurs
in APPPATH\Views\jeu\editerJeu.php on line 27.
 1 APPPATH\Views\jeu\editerJeu.php(27): CodeIgniter\Debug\Exceptions->errorHandler(8, 'Undefined variable: editeurs', 'C:\\wamp64\\www\\pfa\\site_jv\\app\\Views\\jeu\\editerJeu.php', 27, [...])
 2 SYSTEMPATH\View\View.php(224): include('C:\\wamp64\\www\\pfa\\site_jv\\app\\Views\\jeu\\editerJeu.php')
 3 SYSTEMPATH\View\View.php(227): CodeIgniter\View\View->CodeIgniter\View\{closure}()
 4 SYSTEMPATH\Common.php(1180): CodeIgniter\View\View->render('jeu/editerJeu', [], true)
 5 APPPATH\Controllers\Jeu.php(110): view('jeu/editerJeu', [...])
 6 SYSTEMPATH\CodeIgniter.php(932): App\Controllers\Jeu->editer('14')
 7 SYSTEMPATH\CodeIgniter.php(497): CodeIgniter\CodeIgniter->runController(Object(App\Controllers\Jeu))
 8 SYSTEMPATH\CodeIgniter.php(366): CodeIgniter\CodeIgniter->handleRequest(null, Object(Config\Cache), false)
 9 FCPATH\index.php(67): CodeIgniter\CodeIgniter->run()
10 SYSTEMPATH\Commands\Server\rewrite.php(47): require_once('C:\\wamp64\\www\\pfa\\site_jv\\public\\index.php')
CRITICAL - 2023-07-22 12:36:02 --> Undefined variable: editeurs
in APPPATH\Views\jeu\editerJeu.php on line 27.
 1 APPPATH\Views\jeu\editerJeu.php(27): CodeIgniter\Debug\Exceptions->errorHandler(8, 'Undefined variable: editeurs', 'C:\\wamp64\\www\\pfa\\site_jv\\app\\Views\\jeu\\editerJeu.php', 27, [...])
 2 SYSTEMPATH\View\View.php(224): include('C:\\wamp64\\www\\pfa\\site_jv\\app\\Views\\jeu\\editerJeu.php')
 3 SYSTEMPATH\View\View.php(227): CodeIgniter\View\View->CodeIgniter\View\{closure}()
 4 SYSTEMPATH\Common.php(1180): CodeIgniter\View\View->render('jeu/editerJeu', [], true)
 5 APPPATH\Controllers\Jeu.php(110): view('jeu/editerJeu', [...])
 6 SYSTEMPATH\CodeIgniter.php(932): App\Controllers\Jeu->editer('14')
 7 SYSTEMPATH\CodeIgniter.php(497): CodeIgniter\CodeIgniter->runController(Object(App\Controllers\Jeu))
 8 SYSTEMPATH\CodeIgniter.php(366): CodeIgniter\CodeIgniter->handleRequest(null, Object(Config\Cache), false)
 9 FCPATH\index.php(67): CodeIgniter\CodeIgniter->run()
10 SYSTEMPATH\Commands\Server\rewrite.php(47): require_once('C:\\wamp64\\www\\pfa\\site_jv\\public\\index.php')
CRITICAL - 2023-07-22 12:36:02 --> Undefined variable: editeurs
in APPPATH\Views\jeu\editerJeu.php on line 27.
 1 APPPATH\Views\jeu\editerJeu.php(27): CodeIgniter\Debug\Exceptions->errorHandler(8, 'Undefined variable: editeurs', 'C:\\wamp64\\www\\pfa\\site_jv\\app\\Views\\jeu\\editerJeu.php', 27, [...])
 2 SYSTEMPATH\View\View.php(224): include('C:\\wamp64\\www\\pfa\\site_jv\\app\\Views\\jeu\\editerJeu.php')
 3 SYSTEMPATH\View\View.php(227): CodeIgniter\View\View->CodeIgniter\View\{closure}()
 4 SYSTEMPATH\Common.php(1180): CodeIgniter\View\View->render('jeu/editerJeu', [], true)
 5 APPPATH\Controllers\Jeu.php(110): view('jeu/editerJeu', [...])
 6 SYSTEMPATH\CodeIgniter.php(932): App\Controllers\Jeu->editer('14')
 7 SYSTEMPATH\CodeIgniter.php(497): CodeIgniter\CodeIgniter->runController(Object(App\Controllers\Jeu))
 8 SYSTEMPATH\CodeIgniter.php(366): CodeIgniter\CodeIgniter->handleRequest(null, Object(Config\Cache), false)
 9 FCPATH\index.php(67): CodeIgniter\CodeIgniter->run()
10 SYSTEMPATH\Commands\Server\rewrite.php(47): require_once('C:\\wamp64\\www\\pfa\\site_jv\\public\\index.php')
CRITICAL - 2023-07-22 12:36:02 --> Undefined variable: editeurs
in APPPATH\Views\jeu\editerJeu.php on line 27.
 1 APPPATH\Views\jeu\editerJeu.php(27): CodeIgniter\Debug\Exceptions->errorHandler(8, 'Undefined variable: editeurs', 'C:\\wamp64\\www\\pfa\\site_jv\\app\\Views\\jeu\\editerJeu.php', 27, [...])
 2 SYSTEMPATH\View\View.php(224): include('C:\\wamp64\\www\\pfa\\site_jv\\app\\Views\\jeu\\editerJeu.php')
 3 SYSTEMPATH\View\View.php(227): CodeIgniter\View\View->CodeIgniter\View\{closure}()
 4 SYSTEMPATH\Common.php(1180): CodeIgniter\View\View->render('jeu/editerJeu', [], true)
 5 APPPATH\Controllers\Jeu.php(110): view('jeu/editerJeu', [...])
 6 SYSTEMPATH\CodeIgniter.php(932): App\Controllers\Jeu->editer('14')
 7 SYSTEMPATH\CodeIgniter.php(497): CodeIgniter\CodeIgniter->runController(Object(App\Controllers\Jeu))
 8 SYSTEMPATH\CodeIgniter.php(366): CodeIgniter\CodeIgniter->handleRequest(null, Object(Config\Cache), false)
 9 FCPATH\index.php(67): CodeIgniter\CodeIgniter->run()
10 SYSTEMPATH\Commands\Server\rewrite.php(47): require_once('C:\\wamp64\\www\\pfa\\site_jv\\public\\index.php')
CRITICAL - 2023-07-22 12:36:02 --> Undefined variable: editeurs
in APPPATH\Views\jeu\editerJeu.php on line 27.
 1 APPPATH\Views\jeu\editerJeu.php(27): CodeIgniter\Debug\Exceptions->errorHandler(8, 'Undefined variable: editeurs', 'C:\\wamp64\\www\\pfa\\site_jv\\app\\Views\\jeu\\editerJeu.php', 27, [...])
 2 SYSTEMPATH\View\View.php(224): include('C:\\wamp64\\www\\pfa\\site_jv\\app\\Views\\jeu\\editerJeu.php')
 3 SYSTEMPATH\View\View.php(227): CodeIgniter\View\View->CodeIgniter\View\{closure}()
 4 SYSTEMPATH\Common.php(1180): CodeIgniter\View\View->render('jeu/editerJeu', [], true)
 5 APPPATH\Controllers\Jeu.php(110): view('jeu/editerJeu', [...])
 6 SYSTEMPATH\CodeIgniter.php(932): App\Controllers\Jeu->editer('14')
 7 SYSTEMPATH\CodeIgniter.php(497): CodeIgniter\CodeIgniter->runController(Object(App\Controllers\Jeu))
 8 SYSTEMPATH\CodeIgniter.php(366): CodeIgniter\CodeIgniter->handleRequest(null, Object(Config\Cache), false)
 9 FCPATH\index.php(67): CodeIgniter\CodeIgniter->run()
10 SYSTEMPATH\Commands\Server\rewrite.php(47): require_once('C:\\wamp64\\www\\pfa\\site_jv\\public\\index.php')
CRITICAL - 2023-07-22 12:38:58 --> Undefined variable: listeediteur
in APPPATH\Views\jeu\editerJeu.php on line 27.
 1 APPPATH\Views\jeu\editerJeu.php(27): CodeIgniter\Debug\Exceptions->errorHandler(8, 'Undefined variable: listeediteur', 'C:\\wamp64\\www\\pfa\\site_jv\\app\\Views\\jeu\\editerJeu.php', 27, [...])
 2 SYSTEMPATH\View\View.php(224): include('C:\\wamp64\\www\\pfa\\site_jv\\app\\Views\\jeu\\editerJeu.php')
 3 SYSTEMPATH\View\View.php(227): CodeIgniter\View\View->CodeIgniter\View\{closure}()
 4 SYSTEMPATH\Common.php(1180): CodeIgniter\View\View->render('jeu/editerJeu', [], true)
 5 APPPATH\Controllers\Jeu.php(119): view('jeu/editerJeu', [...])
 6 SYSTEMPATH\CodeIgniter.php(932): App\Controllers\Jeu->editer('14')
 7 SYSTEMPATH\CodeIgniter.php(497): CodeIgniter\CodeIgniter->runController(Object(App\Controllers\Jeu))
 8 SYSTEMPATH\CodeIgniter.php(366): CodeIgniter\CodeIgniter->handleRequest(null, Object(Config\Cache), false)
 9 FCPATH\index.php(67): CodeIgniter\CodeIgniter->run()
10 SYSTEMPATH\Commands\Server\rewrite.php(47): require_once('C:\\wamp64\\www\\pfa\\site_jv\\public\\index.php')
CRITICAL - 2023-07-22 12:38:58 --> Undefined variable: listeediteur
in APPPATH\Views\jeu\editerJeu.php on line 27.
 1 APPPATH\Views\jeu\editerJeu.php(27): CodeIgniter\Debug\Exceptions->errorHandler(8, 'Undefined variable: listeediteur', 'C:\\wamp64\\www\\pfa\\site_jv\\app\\Views\\jeu\\editerJeu.php', 27, [...])
 2 SYSTEMPATH\View\View.php(224): include('C:\\wamp64\\www\\pfa\\site_jv\\app\\Views\\jeu\\editerJeu.php')
 3 SYSTEMPATH\View\View.php(227): CodeIgniter\View\View->CodeIgniter\View\{closure}()
 4 SYSTEMPATH\Common.php(1180): CodeIgniter\View\View->render('jeu/editerJeu', [], true)
 5 APPPATH\Controllers\Jeu.php(119): view('jeu/editerJeu', [...])
 6 SYSTEMPATH\CodeIgniter.php(932): App\Controllers\Jeu->editer('14')
 7 SYSTEMPATH\CodeIgniter.php(497): CodeIgniter\CodeIgniter->runController(Object(App\Controllers\Jeu))
 8 SYSTEMPATH\CodeIgniter.php(366): CodeIgniter\CodeIgniter->handleRequest(null, Object(Config\Cache), false)
 9 FCPATH\index.php(67): CodeIgniter\CodeIgniter->run()
10 SYSTEMPATH\Commands\Server\rewrite.php(47): require_once('C:\\wamp64\\www\\pfa\\site_jv\\public\\index.php')
CRITICAL - 2023-07-22 12:39:18 --> Call to undefined function set_select()
in APPPATH\Views\jeu\editerJeu.php on line 28.
 1 SYSTEMPATH\View\View.php(224): include()
 2 SYSTEMPATH\View\View.php(227): CodeIgniter\View\View->CodeIgniter\View\{closure}()
 3 SYSTEMPATH\Common.php(1180): CodeIgniter\View\View->render('jeu/editerJeu', [], true)
 4 APPPATH\Controllers\Jeu.php(119): view('jeu/editerJeu', [...])
 5 SYSTEMPATH\CodeIgniter.php(932): App\Controllers\Jeu->editer('14')
 6 SYSTEMPATH\CodeIgniter.php(497): CodeIgniter\CodeIgniter->runController(Object(App\Controllers\Jeu))
 7 SYSTEMPATH\CodeIgniter.php(366): CodeIgniter\CodeIgniter->handleRequest(null, Object(Config\Cache), false)
 8 FCPATH\index.php(67): CodeIgniter\CodeIgniter->run()
 9 SYSTEMPATH\Commands\Server\rewrite.php(47): require_once('C:\\wamp64\\www\\pfa\\site_jv\\public\\index.php')
