CRITICAL - 2023-07-21 13:44:04 --> Undefined variable: jeu
in APPPATH\Views\commun\header.php on line 19.
 1 APPPATH\Views\commun\header.php(19): CodeIgniter\Debug\Exceptions->errorHandler(8, 'Undefined variable: jeu', 'C:\\wamp64\\www\\pfa\\site_jv\\app\\Views\\commun\\header.php', 19, [...])
 2 SYSTEMPATH\View\View.php(224): include('C:\\wamp64\\www\\pfa\\site_jv\\app\\Views\\commun\\header.php')
 3 SYSTEMPATH\View\View.php(227): CodeIgniter\View\View->CodeIgniter\View\{closure}()
 4 SYSTEMPATH\Common.php(1180): CodeIgniter\View\View->render('commun/header', [], true)
 5 APPPATH\Controllers\Jeu.php(25): view('commun/header', [...])
 6 SYSTEMPATH\CodeIgniter.php(932): App\Controllers\Jeu->listeJoueur()
 7 SYSTEMPATH\CodeIgniter.php(497): CodeIgniter\CodeIgniter->runController(Object(App\Controllers\Jeu))
 8 SYSTEMPATH\CodeIgniter.php(366): CodeIgniter\CodeIgniter->handleRequest(null, Object(Config\Cache), false)
 9 FCPATH\index.php(67): CodeIgniter\CodeIgniter->run()
10 SYSTEMPATH\Commands\Server\rewrite.php(47): require_once('C:\\wamp64\\www\\pfa\\site_jv\\public\\index.php')
CRITICAL - 2023-07-21 15:00:16 --> Undefined variable: jeu
in APPPATH\Views\jeu\recherche.php on line 20.
 1 APPPATH\Views\jeu\recherche.php(20): CodeIgniter\Debug\Exceptions->errorHandler(8, 'Undefined variable: jeu', 'C:\\wamp64\\www\\pfa\\site_jv\\app\\Views\\jeu\\recherche.php', 20, [...])
 2 SYSTEMPATH\View\View.php(224): include('C:\\wamp64\\www\\pfa\\site_jv\\app\\Views\\jeu\\recherche.php')
 3 SYSTEMPATH\View\View.php(227): CodeIgniter\View\View->CodeIgniter\View\{closure}()
 4 SYSTEMPATH\Common.php(1180): CodeIgniter\View\View->render('jeu/recherche', [], true)
 5 APPPATH\Controllers\Jeu.php(77): view('jeu/recherche', [...])
 6 SYSTEMPATH\CodeIgniter.php(932): App\Controllers\Jeu->rechercherJeu()
 7 SYSTEMPATH\CodeIgniter.php(497): CodeIgniter\CodeIgniter->runController(Object(App\Controllers\Jeu))
 8 SYSTEMPATH\CodeIgniter.php(366): CodeIgniter\CodeIgniter->handleRequest(null, Object(Config\Cache), false)
 9 FCPATH\index.php(67): CodeIgniter\CodeIgniter->run()
10 SYSTEMPATH\Commands\Server\rewrite.php(47): require_once('C:\\wamp64\\www\\pfa\\site_jv\\public\\index.php')
CRITICAL - 2023-07-21 15:41:59 --> Undefined variable: listeJeu
in APPPATH\Views\jeu\listeJoueur.php on line 8.
 1 APPPATH\Views\jeu\listeJoueur.php(8): CodeIgniter\Debug\Exceptions->errorHandler(8, 'Undefined variable: listeJeu', 'C:\\wamp64\\www\\pfa\\site_jv\\app\\Views\\jeu\\listeJoueur.php', 8, [...])
 2 SYSTEMPATH\View\View.php(224): include('C:\\wamp64\\www\\pfa\\site_jv\\app\\Views\\jeu\\listeJoueur.php')
 3 SYSTEMPATH\View\View.php(227): CodeIgniter\View\View->CodeIgniter\View\{closure}()
 4 SYSTEMPATH\Common.php(1180): CodeIgniter\View\View->render('jeu/listeJoueur', [], true)
 5 APPPATH\Controllers\Jeu.php(86): view('jeu/listeJoueur', [...])
 6 SYSTEMPATH\CodeIgniter.php(932): App\Controllers\Jeu->rechercherJeu()
 7 SYSTEMPATH\CodeIgniter.php(497): CodeIgniter\CodeIgniter->runController(Object(App\Controllers\Jeu))
 8 SYSTEMPATH\CodeIgniter.php(366): CodeIgniter\CodeIgniter->handleRequest(null, Object(Config\Cache), false)
 9 FCPATH\index.php(67): CodeIgniter\CodeIgniter->run()
10 SYSTEMPATH\Commands\Server\rewrite.php(47): require_once('C:\\wamp64\\www\\pfa\\site_jv\\public\\index.php')
CRITICAL - 2023-07-21 15:56:38 --> Undefined variable: datajeu
in APPPATH\Controllers\Jeu.php on line 41.
 1 APPPATH\Controllers\Jeu.php(41): CodeIgniter\Debug\Exceptions->errorHandler(8, 'Undefined variable: datajeu', 'C:\\wamp64\\www\\pfa\\site_jv\\app\\Controllers\\Jeu.php', 41, [...])
 2 SYSTEMPATH\CodeIgniter.php(932): App\Controllers\Jeu->listeJoueur()
 3 SYSTEMPATH\CodeIgniter.php(497): CodeIgniter\CodeIgniter->runController(Object(App\Controllers\Jeu))
 4 SYSTEMPATH\CodeIgniter.php(366): CodeIgniter\CodeIgniter->handleRequest(null, Object(Config\Cache), false)
 5 FCPATH\index.php(67): CodeIgniter\CodeIgniter->run()
 6 SYSTEMPATH\Commands\Server\rewrite.php(47): require_once('C:\\wamp64\\www\\pfa\\site_jv\\public\\index.php')
CRITICAL - 2023-07-21 15:57:44 --> Undefined variable: datajeu
in APPPATH\Controllers\Jeu.php on line 46.
 1 APPPATH\Controllers\Jeu.php(46): CodeIgniter\Debug\Exceptions->errorHandler(8, 'Undefined variable: datajeu', 'C:\\wamp64\\www\\pfa\\site_jv\\app\\Controllers\\Jeu.php', 46, [...])
 2 SYSTEMPATH\CodeIgniter.php(932): App\Controllers\Jeu->listeJoueur()
 3 SYSTEMPATH\CodeIgniter.php(497): CodeIgniter\CodeIgniter->runController(Object(App\Controllers\Jeu))
 4 SYSTEMPATH\CodeIgniter.php(366): CodeIgniter\CodeIgniter->handleRequest(null, Object(Config\Cache), false)
 5 FCPATH\index.php(67): CodeIgniter\CodeIgniter->run()
 6 SYSTEMPATH\Commands\Server\rewrite.php(47): require_once('C:\\wamp64\\www\\pfa\\site_jv\\public\\index.php')
CRITICAL - 2023-07-21 16:01:11 --> Object of class CodeIgniter\Database\MySQLi\Builder could not be converted to string
in APPPATH\Controllers\Jeu.php on line 31.
 1 SYSTEMPATH\CodeIgniter.php(932): App\Controllers\Jeu->listeJoueur()
 2 SYSTEMPATH\CodeIgniter.php(497): CodeIgniter\CodeIgniter->runController(Object(App\Controllers\Jeu))
 3 SYSTEMPATH\CodeIgniter.php(366): CodeIgniter\CodeIgniter->handleRequest(null, Object(Config\Cache), false)
 4 FCPATH\index.php(67): CodeIgniter\CodeIgniter->run()
 5 SYSTEMPATH\Commands\Server\rewrite.php(47): require_once('C:\\wamp64\\www\\pfa\\site_jv\\public\\index.php')
CRITICAL - 2023-07-21 16:01:28 --> Undefined variable: datajeu
in APPPATH\Controllers\Jeu.php on line 54.
 1 APPPATH\Controllers\Jeu.php(54): CodeIgniter\Debug\Exceptions->errorHandler(8, 'Undefined variable: datajeu', 'C:\\wamp64\\www\\pfa\\site_jv\\app\\Controllers\\Jeu.php', 54, [...])
 2 SYSTEMPATH\CodeIgniter.php(932): App\Controllers\Jeu->listeJoueur()
 3 SYSTEMPATH\CodeIgniter.php(497): CodeIgniter\CodeIgniter->runController(Object(App\Controllers\Jeu))
 4 SYSTEMPATH\CodeIgniter.php(366): CodeIgniter\CodeIgniter->handleRequest(null, Object(Config\Cache), false)
 5 FCPATH\index.php(67): CodeIgniter\CodeIgniter->run()
 6 SYSTEMPATH\Commands\Server\rewrite.php(47): require_once('C:\\wamp64\\www\\pfa\\site_jv\\public\\index.php')
CRITICAL - 2023-07-21 16:06:19 --> Undefined variable: datajeu
in APPPATH\Controllers\Jeu.php on line 61.
 1 APPPATH\Controllers\Jeu.php(61): CodeIgniter\Debug\Exceptions->errorHandler(8, 'Undefined variable: datajeu', 'C:\\wamp64\\www\\pfa\\site_jv\\app\\Controllers\\Jeu.php', 61, [...])
 2 SYSTEMPATH\CodeIgniter.php(932): App\Controllers\Jeu->listeJoueur()
 3 SYSTEMPATH\CodeIgniter.php(497): CodeIgniter\CodeIgniter->runController(Object(App\Controllers\Jeu))
 4 SYSTEMPATH\CodeIgniter.php(366): CodeIgniter\CodeIgniter->handleRequest(null, Object(Config\Cache), false)
 5 FCPATH\index.php(67): CodeIgniter\CodeIgniter->run()
 6 SYSTEMPATH\Commands\Server\rewrite.php(47): require_once('C:\\wamp64\\www\\pfa\\site_jv\\public\\index.php')
CRITICAL - 2023-07-21 16:07:35 --> Undefined index: nom_developpeur
in APPPATH\Views\jeu\listeJoueur.php on line 14.
 1 APPPATH\Views\jeu\listeJoueur.php(14): CodeIgniter\Debug\Exceptions->errorHandler(8, 'Undefined index: nom_developpeur', 'C:\\wamp64\\www\\pfa\\site_jv\\app\\Views\\jeu\\listeJoueur.php', 14, [...])
 2 SYSTEMPATH\View\View.php(224): include('C:\\wamp64\\www\\pfa\\site_jv\\app\\Views\\jeu\\listeJoueur.php')
 3 SYSTEMPATH\View\View.php(227): CodeIgniter\View\View->CodeIgniter\View\{closure}()
 4 SYSTEMPATH\Common.php(1180): CodeIgniter\View\View->render('jeu/listeJoueur', [], true)
 5 APPPATH\Controllers\Jeu.php(62): view('jeu/listeJoueur', [...])
 6 SYSTEMPATH\CodeIgniter.php(932): App\Controllers\Jeu->listeJoueur()
 7 SYSTEMPATH\CodeIgniter.php(497): CodeIgniter\CodeIgniter->runController(Object(App\Controllers\Jeu))
 8 SYSTEMPATH\CodeIgniter.php(366): CodeIgniter\CodeIgniter->handleRequest(null, Object(Config\Cache), false)
 9 FCPATH\index.php(67): CodeIgniter\CodeIgniter->run()
10 SYSTEMPATH\Commands\Server\rewrite.php(47): require_once('C:\\wamp64\\www\\pfa\\site_jv\\public\\index.php')
ERROR - 2023-07-21 16:08:13 --> mysqli_sql_exception: Champ: 'id_developpeur' dans where clause est ambigu in C:\wamp64\www\pfa\site_jv\system\Database\MySQLi\Connection.php:295
Stack trace:
#0 C:\wamp64\www\pfa\site_jv\system\Database\MySQLi\Connection.php(295): mysqli->query('SELECT *\nFROM `...', 0)
#1 C:\wamp64\www\pfa\site_jv\system\Database\BaseConnection.php(692): CodeIgniter\Database\MySQLi\Connection->execute('SELECT *\nFROM `...')
#2 C:\wamp64\www\pfa\site_jv\system\Database\BaseConnection.php(606): CodeIgniter\Database\BaseConnection->simpleQuery('SELECT *\nFROM `...')
#3 C:\wamp64\www\pfa\site_jv\system\Database\BaseBuilder.php(1616): CodeIgniter\Database\BaseConnection->query('SELECT *\nFROM `...', Array, false)
#4 C:\wamp64\www\pfa\site_jv\app\Controllers\Jeu.php(46): CodeIgniter\Database\BaseBuilder->get()
#5 C:\wamp64\www\pfa\site_jv\system\CodeIgniter.php(932): App\Controllers\Jeu->listeJoueur()
#6 C:\wamp64\www\pfa\site_jv\system\CodeIgniter.php(497): CodeIgniter\CodeIgniter->runController(Object(App\Controllers\Jeu))
#7 C:\wamp64\www\pfa\site_jv\system\CodeIgniter.php(366): CodeIgniter\CodeIgniter->handleRequest(NULL, Object(Config\Cache), false)
#8 C:\wamp64\www\pfa\site_jv\public\index.php(67): CodeIgniter\CodeIgniter->run()
#9 C:\wamp64\www\pfa\site_jv\system\Commands\Server\rewrite.php(47): require_once('C:\\wamp64\\www\\p...')
#10 {main}
CRITICAL - 2023-07-21 16:08:13 --> Champ: 'id_developpeur' dans where clause est ambigu
in SYSTEMPATH\Database\MySQLi\Connection.php on line 295.
 1 SYSTEMPATH\Database\MySQLi\Connection.php(295): mysqli->query('SELECT *
FROM `jeu`
JOIN `editeur` ON `jeu`.`id_editeur`=`editeur`.`id_editeur`
JOIN `developpeur` ON `jeu`.`id_developpeur`=`developpeur`.`id_developpeur`
WHERE `id_developpeur` = \'1\'
AND `id_editeur` = \'1\'', 0)
 2 SYSTEMPATH\Database\BaseConnection.php(692): CodeIgniter\Database\MySQLi\Connection->execute('SELECT *
FROM `jeu`
JOIN `editeur` ON `jeu`.`id_editeur`=`editeur`.`id_editeur`
JOIN `developpeur` ON `jeu`.`id_developpeur`=`developpeur`.`id_developpeur`
WHERE `id_developpeur` = \'1\'
AND `id_editeur` = \'1\'')
 3 SYSTEMPATH\Database\BaseConnection.php(606): CodeIgniter\Database\BaseConnection->simpleQuery('SELECT *
FROM `jeu`
JOIN `editeur` ON `jeu`.`id_editeur`=`editeur`.`id_editeur`
JOIN `developpeur` ON `jeu`.`id_developpeur`=`developpeur`.`id_developpeur`
WHERE `id_developpeur` = \'1\'
AND `id_editeur` = \'1\'')
 4 SYSTEMPATH\Database\BaseBuilder.php(1616): CodeIgniter\Database\BaseConnection->query('SELECT *
FROM `jeu`
JOIN `editeur` ON `jeu`.`id_editeur`=`editeur`.`id_editeur`
JOIN `developpeur` ON `jeu`.`id_developpeur`=`developpeur`.`id_developpeur`
WHERE `id_developpeur` = :id_developpeur:
AND `id_editeur` = :id_editeur:', [...], false)
 5 APPPATH\Controllers\Jeu.php(46): CodeIgniter\Database\BaseBuilder->get()
 6 SYSTEMPATH\CodeIgniter.php(932): App\Controllers\Jeu->listeJoueur()
 7 SYSTEMPATH\CodeIgniter.php(497): CodeIgniter\CodeIgniter->runController(Object(App\Controllers\Jeu))
 8 SYSTEMPATH\CodeIgniter.php(366): CodeIgniter\CodeIgniter->handleRequest(null, Object(Config\Cache), false)
 9 FCPATH\index.php(67): CodeIgniter\CodeIgniter->run()
10 SYSTEMPATH\Commands\Server\rewrite.php(47): require_once('C:\\wamp64\\www\\pfa\\site_jv\\public\\index.php')
ERROR - 2023-07-21 16:08:18 --> mysqli_sql_exception: Champ: 'id_developpeur' dans where clause est ambigu in C:\wamp64\www\pfa\site_jv\system\Database\MySQLi\Connection.php:295
Stack trace:
#0 C:\wamp64\www\pfa\site_jv\system\Database\MySQLi\Connection.php(295): mysqli->query('SELECT *\nFROM `...', 0)
#1 C:\wamp64\www\pfa\site_jv\system\Database\BaseConnection.php(692): CodeIgniter\Database\MySQLi\Connection->execute('SELECT *\nFROM `...')
#2 C:\wamp64\www\pfa\site_jv\system\Database\BaseConnection.php(606): CodeIgniter\Database\BaseConnection->simpleQuery('SELECT *\nFROM `...')
#3 C:\wamp64\www\pfa\site_jv\system\Database\BaseBuilder.php(1616): CodeIgniter\Database\BaseConnection->query('SELECT *\nFROM `...', Array, false)
#4 C:\wamp64\www\pfa\site_jv\app\Controllers\Jeu.php(46): CodeIgniter\Database\BaseBuilder->get()
#5 C:\wamp64\www\pfa\site_jv\system\CodeIgniter.php(932): App\Controllers\Jeu->listeJoueur()
#6 C:\wamp64\www\pfa\site_jv\system\CodeIgniter.php(497): CodeIgniter\CodeIgniter->runController(Object(App\Controllers\Jeu))
#7 C:\wamp64\www\pfa\site_jv\system\CodeIgniter.php(366): CodeIgniter\CodeIgniter->handleRequest(NULL, Object(Config\Cache), false)
#8 C:\wamp64\www\pfa\site_jv\public\index.php(67): CodeIgniter\CodeIgniter->run()
#9 C:\wamp64\www\pfa\site_jv\system\Commands\Server\rewrite.php(47): require_once('C:\\wamp64\\www\\p...')
#10 {main}
CRITICAL - 2023-07-21 16:08:18 --> Champ: 'id_developpeur' dans where clause est ambigu
in SYSTEMPATH\Database\MySQLi\Connection.php on line 295.
 1 SYSTEMPATH\Database\MySQLi\Connection.php(295): mysqli->query('SELECT *
FROM `jeu`
JOIN `editeur` ON `jeu`.`id_editeur`=`editeur`.`id_editeur`
JOIN `developpeur` ON `jeu`.`id_developpeur`=`developpeur`.`id_developpeur`
WHERE `id_developpeur` = \'1\'
AND `id_editeur` = \'1\'', 0)
 2 SYSTEMPATH\Database\BaseConnection.php(692): CodeIgniter\Database\MySQLi\Connection->execute('SELECT *
FROM `jeu`
JOIN `editeur` ON `jeu`.`id_editeur`=`editeur`.`id_editeur`
JOIN `developpeur` ON `jeu`.`id_developpeur`=`developpeur`.`id_developpeur`
WHERE `id_developpeur` = \'1\'
AND `id_editeur` = \'1\'')
 3 SYSTEMPATH\Database\BaseConnection.php(606): CodeIgniter\Database\BaseConnection->simpleQuery('SELECT *
FROM `jeu`
JOIN `editeur` ON `jeu`.`id_editeur`=`editeur`.`id_editeur`
JOIN `developpeur` ON `jeu`.`id_developpeur`=`developpeur`.`id_developpeur`
WHERE `id_developpeur` = \'1\'
AND `id_editeur` = \'1\'')
 4 SYSTEMPATH\Database\BaseBuilder.php(1616): CodeIgniter\Database\BaseConnection->query('SELECT *
FROM `jeu`
JOIN `editeur` ON `jeu`.`id_editeur`=`editeur`.`id_editeur`
JOIN `developpeur` ON `jeu`.`id_developpeur`=`developpeur`.`id_developpeur`
WHERE `id_developpeur` = :id_developpeur:
AND `id_editeur` = :id_editeur:', [...], false)
 5 APPPATH\Controllers\Jeu.php(46): CodeIgniter\Database\BaseBuilder->get()
 6 SYSTEMPATH\CodeIgniter.php(932): App\Controllers\Jeu->listeJoueur()
 7 SYSTEMPATH\CodeIgniter.php(497): CodeIgniter\CodeIgniter->runController(Object(App\Controllers\Jeu))
 8 SYSTEMPATH\CodeIgniter.php(366): CodeIgniter\CodeIgniter->handleRequest(null, Object(Config\Cache), false)
 9 FCPATH\index.php(67): CodeIgniter\CodeIgniter->run()
10 SYSTEMPATH\Commands\Server\rewrite.php(47): require_once('C:\\wamp64\\www\\pfa\\site_jv\\public\\index.php')
ERROR - 2023-07-21 16:15:37 --> mysqli_sql_exception: Erreur de syntaxe près de '% 'e%'' à la ligne 5 in C:\wamp64\www\pfa\site_jv\system\Database\MySQLi\Connection.php:295
Stack trace:
#0 C:\wamp64\www\pfa\site_jv\system\Database\MySQLi\Connection.php(295): mysqli->query('SELECT *\nFROM `...', 0)
#1 C:\wamp64\www\pfa\site_jv\system\Database\BaseConnection.php(692): CodeIgniter\Database\MySQLi\Connection->execute('SELECT *\nFROM `...')
#2 C:\wamp64\www\pfa\site_jv\system\Database\BaseConnection.php(606): CodeIgniter\Database\BaseConnection->simpleQuery('SELECT *\nFROM `...')
#3 C:\wamp64\www\pfa\site_jv\system\Database\BaseBuilder.php(1616): CodeIgniter\Database\BaseConnection->query('SELECT *\nFROM `...', Array, false)
#4 C:\wamp64\www\pfa\site_jv\app\Controllers\Jeu.php(46): CodeIgniter\Database\BaseBuilder->get()
#5 C:\wamp64\www\pfa\site_jv\system\CodeIgniter.php(932): App\Controllers\Jeu->listeJoueur()
#6 C:\wamp64\www\pfa\site_jv\system\CodeIgniter.php(497): CodeIgniter\CodeIgniter->runController(Object(App\Controllers\Jeu))
#7 C:\wamp64\www\pfa\site_jv\system\CodeIgniter.php(366): CodeIgniter\CodeIgniter->handleRequest(NULL, Object(Config\Cache), false)
#8 C:\wamp64\www\pfa\site_jv\public\index.php(67): CodeIgniter\CodeIgniter->run()
#9 C:\wamp64\www\pfa\site_jv\system\Commands\Server\rewrite.php(47): require_once('C:\\wamp64\\www\\p...')
#10 {main}
CRITICAL - 2023-07-21 16:15:37 --> Erreur de syntaxe près de '% 'e%'' à la ligne 5
in SYSTEMPATH\Database\MySQLi\Connection.php on line 295.
 1 SYSTEMPATH\Database\MySQLi\Connection.php(295): mysqli->query('SELECT *
FROM `jeu`
JOIN `editeur` ON `jeu`.`id_editeur`=`editeur`.`id_editeur`
JOIN `developpeur` ON `jeu`.`id_developpeur`=`developpeur`.`id_developpeur`
WHERE `nom_jeu` LIKE % \'e%\'', 0)
 2 SYSTEMPATH\Database\BaseConnection.php(692): CodeIgniter\Database\MySQLi\Connection->execute('SELECT *
FROM `jeu`
JOIN `editeur` ON `jeu`.`id_editeur`=`editeur`.`id_editeur`
JOIN `developpeur` ON `jeu`.`id_developpeur`=`developpeur`.`id_developpeur`
WHERE `nom_jeu` LIKE % \'e%\'')
 3 SYSTEMPATH\Database\BaseConnection.php(606): CodeIgniter\Database\BaseConnection->simpleQuery('SELECT *
FROM `jeu`
JOIN `editeur` ON `jeu`.`id_editeur`=`editeur`.`id_editeur`
JOIN `developpeur` ON `jeu`.`id_developpeur`=`developpeur`.`id_developpeur`
WHERE `nom_jeu` LIKE % \'e%\'')
 4 SYSTEMPATH\Database\BaseBuilder.php(1616): CodeIgniter\Database\BaseConnection->query('SELECT *
FROM `jeu`
JOIN `editeur` ON `jeu`.`id_editeur`=`editeur`.`id_editeur`
JOIN `developpeur` ON `jeu`.`id_developpeur`=`developpeur`.`id_developpeur`
WHERE `nom_jeu` LIKE % :nom_jeu LIKE %:', [...], false)
 5 APPPATH\Controllers\Jeu.php(46): CodeIgniter\Database\BaseBuilder->get()
 6 SYSTEMPATH\CodeIgniter.php(932): App\Controllers\Jeu->listeJoueur()
 7 SYSTEMPATH\CodeIgniter.php(497): CodeIgniter\CodeIgniter->runController(Object(App\Controllers\Jeu))
 8 SYSTEMPATH\CodeIgniter.php(366): CodeIgniter\CodeIgniter->handleRequest(null, Object(Config\Cache), false)
 9 FCPATH\index.php(67): CodeIgniter\CodeIgniter->run()
10 SYSTEMPATH\Commands\Server\rewrite.php(47): require_once('C:\\wamp64\\www\\pfa\\site_jv\\public\\index.php')
